XII 22, 2014 2:59:59 ODP. com.sun.faban.driver.util.Timer idleTimerCheck
INFO: TestAgent[0]: Performing idle timer check
XII 22, 2014 3:00:01 ODP. com.sun.faban.driver.util.Timer idleTimerCheck
INFO: TestAgent[0]: Idle timer characteristics:
Accuracy=3,
min. invocation cost=94,
med. invocation cost (math)=97.0,
med. invocation cost (phys)=97,
avg. invocation cost=97.5946,
max. invocation cost=570,
variance of invocation cost=41.1018508400004.
XII 22, 2014 3:00:21 ODP. com.sun.faban.driver.engine.AgentImpl run
INFO: TestAgent[0]: Successfully started 100 driver threads.
XII 22, 2014 3:00:21 ODP. com.sun.faban.driver.util.Timer calibrate
WARNING: TestAgent[0]: Rampup too short. Could not run calibration. Please increase rampup by at least 5 seconds
XII 22, 2014 3:00:21 ODP. com.sun.faban.driver.engine.MasterImpl executeRun
INFO: Started all threads; run commences in 2994 ms
XII 22, 2014 3:00:24 ODP. com.sun.faban.driver.util.Timer$BusyTimerMeter run
INFO: TestAgent[0]: Performing busy timer check
XII 22, 2014 3:00:24 ODP. com.sun.faban.driver.engine.MasterImpl executeRun
INFO: Ramp up completed
XII 22, 2014 3:00:25 ODP. com.sun.faban.driver.util.Timer$BusyTimerMeter run
INFO: TestAgent[0]: Busy timer characteristics:
Accuracy=3,
min. invocation cost=106,
med. invocation cost (math)=108.0,
med. invocation cost (phys)=108,
avg. invocation cost=109.0281,
max. invocation cost=514,
variance of invocation cost=33.73431038999979.
XII 22, 2014 3:00:25 ODP. com.sun.faban.driver.util.Timer$BusyTimerMeter run
WARNING: TestAgent[0]: Rampup too short. Could not run calibration. Please increase rampup by at least 3 seconds
XII 22, 2014 3:05:24 ODP. com.sun.faban.driver.engine.MasterImpl executeRun
INFO: Steady state completed
XII 22, 2014 3:05:24 ODP. com.sun.faban.driver.engine.MasterImpl executeRun
INFO: Ramp down completed
XII 22, 2014 3:05:24 ODP. com.sun.faban.driver.engine.MasterImpl getDriverMetrics
INFO: Gathering TestStats ...
XII 22, 2014 3:05:24 ODP. com.sun.faban.driver.engine.MasterImpl generateReports
INFO: Printing Summary report ...
XII 22, 2014 3:05:24 ODP. com.sun.faban.driver.engine.MasterImpl generateReports
INFO: Summary finished. Now printing detail ...
XII 22, 2014 3:05:24 ODP. com.sun.faban.driver.engine.MasterImpl generateReports
INFO: Detail finished. Results written to /opt/pmacik/bak/testy/Nastroje/faban/output/test.9H.
