XII 22, 2014 11:16:11 DOP. com.sun.faban.driver.util.Timer idleTimerCheck
INFO: TestAgent[0]: Performing idle timer check
XII 22, 2014 11:16:12 DOP. com.sun.faban.driver.util.Timer idleTimerCheck
INFO: TestAgent[0]: Idle timer characteristics:
Accuracy=3,
min. invocation cost=96,
med. invocation cost (math)=97.0,
med. invocation cost (phys)=97,
avg. invocation cost=97.7083,
max. invocation cost=4263,
variance of invocation cost=1793.76741111.
XII 22, 2014 11:16:15 DOP. com.sun.faban.driver.engine.TimeThread doRun
SEVERE: TestAgent[0].2: Error initializing driver object.
com.sun.faban.driver.ConfigurationException: Only single host:port currently supported.
	at com.testnscale.test.Test.<init>(Test.java:88)
	at sun.reflect.NativeConstructorAccessorImpl.newInstance0(Native Method)
	at sun.reflect.NativeConstructorAccessorImpl.newInstance(NativeConstructorAccessorImpl.java:57)
	at sun.reflect.DelegatingConstructorAccessorImpl.newInstance(DelegatingConstructorAccessorImpl.java:45)
	at java.lang.reflect.Constructor.newInstance(Constructor.java:526)
	at java.lang.Class.newInstance(Class.java:379)
	at com.sun.faban.driver.engine.TimeThread.doRun(TimeThread.java:73)
	at com.sun.faban.driver.engine.AgentThread.run(AgentThread.java:202)

XII 22, 2014 11:16:15 DOP. com.sun.faban.driver.engine.TimeThread doRun
SEVERE: TestAgent[0].5: Error initializing driver object.
com.sun.faban.driver.ConfigurationException: Only single host:port currently supported.
	at com.testnscale.test.Test.<init>(Test.java:88)
	at sun.reflect.NativeConstructorAccessorImpl.newInstance0(Native Method)
	at sun.reflect.NativeConstructorAccessorImpl.newInstance(NativeConstructorAccessorImpl.java:57)
	at sun.reflect.DelegatingConstructorAccessorImpl.newInstance(DelegatingConstructorAccessorImpl.java:45)
	at java.lang.reflect.Constructor.newInstance(Constructor.java:526)
	at java.lang.Class.newInstance(Class.java:379)
	at com.sun.faban.driver.engine.TimeThread.doRun(TimeThread.java:73)
	at com.sun.faban.driver.engine.AgentThread.run(AgentThread.java:202)

XII 22, 2014 11:16:15 DOP. com.sun.faban.driver.engine.TimeThread doRun
SEVERE: TestAgent[0].1: Error initializing driver object.
com.sun.faban.driver.ConfigurationException: Only single host:port currently supported.
	at com.testnscale.test.Test.<init>(Test.java:88)
	at sun.reflect.NativeConstructorAccessorImpl.newInstance0(Native Method)
	at sun.reflect.NativeConstructorAccessorImpl.newInstance(NativeConstructorAccessorImpl.java:57)
	at sun.reflect.DelegatingConstructorAccessorImpl.newInstance(DelegatingConstructorAccessorImpl.java:45)
	at java.lang.reflect.Constructor.newInstance(Constructor.java:526)
	at java.lang.Class.newInstance(Class.java:379)
	at com.sun.faban.driver.engine.TimeThread.doRun(TimeThread.java:73)
	at com.sun.faban.driver.engine.AgentThread.run(AgentThread.java:202)

XII 22, 2014 11:16:15 DOP. com.sun.faban.driver.engine.AgentImpl run
WARNING: TestAgent[0]: Run aborted before starting 200 driver threads.
7 threads were started.
XII 22, 2014 11:16:16 DOP. com.sun.faban.driver.engine.AgentImpl kill
WARNING: TestAgent[0]: Killing benchmark run
XII 22, 2014 11:16:16 DOP. com.sun.faban.driver.engine.MasterImpl$2 run
SEVERE: Run aborted. Master terminating!
