XII 22, 2014 11:59:31 DOP. com.sun.faban.driver.util.Timer idleTimerCheck
INFO: TestAgent[0]: Performing idle timer check
XII 22, 2014 11:59:32 DOP. com.sun.faban.driver.util.Timer idleTimerCheck
INFO: TestAgent[0]: Idle timer characteristics:
Accuracy=3,
min. invocation cost=106,
med. invocation cost (math)=108.0,
med. invocation cost (phys)=108,
avg. invocation cost=108.8658,
max. invocation cost=2900,
variance of invocation cost=1558.7151903599997.
XII 22, 2014 11:59:42 DOP. com.sun.faban.driver.engine.AgentImpl run
INFO: TestAgent[0]: Successfully started 50 driver threads.
XII 22, 2014 11:59:42 DOP. com.sun.faban.driver.util.Timer calibrate
WARNING: TestAgent[0]: Rampup too short. Could not run calibration. Please increase rampup by at least 5 seconds
XII 22, 2014 11:59:42 DOP. com.sun.faban.driver.engine.MasterImpl executeRun
INFO: Started all threads; run commences in 2995 ms
XII 22, 2014 11:59:45 DOP. com.sun.faban.driver.util.Timer$BusyTimerMeter run
INFO: TestAgent[0]: Performing busy timer check
XII 22, 2014 11:59:45 DOP. com.sun.faban.driver.engine.MasterImpl executeRun
INFO: Ramp up completed
XII 22, 2014 11:59:46 DOP. com.sun.faban.driver.util.Timer$BusyTimerMeter run
INFO: TestAgent[0]: Busy timer characteristics:
Accuracy=3,
min. invocation cost=103,
med. invocation cost (math)=107.0,
med. invocation cost (phys)=107,
avg. invocation cost=108.9394,
max. invocation cost=536,
variance of invocation cost=122.92912764000039.
XII 22, 2014 11:59:46 DOP. com.sun.faban.driver.util.Timer$BusyTimerMeter run
WARNING: TestAgent[0]: Rampup too short. Could not run calibration. Please increase rampup by at least 3 seconds
XII 22, 2014 12:04:45 ODP. com.sun.faban.driver.engine.MasterImpl executeRun
INFO: Steady state completed
XII 22, 2014 12:04:45 ODP. com.sun.faban.driver.engine.MasterImpl executeRun
INFO: Ramp down completed
XII 22, 2014 12:04:45 ODP. com.sun.faban.driver.engine.MasterImpl getDriverMetrics
INFO: Gathering TestStats ...
XII 22, 2014 12:04:45 ODP. com.sun.faban.driver.engine.MasterImpl generateReports
INFO: Printing Summary report ...
XII 22, 2014 12:04:45 ODP. com.sun.faban.driver.engine.MasterImpl generateReports
INFO: Summary finished. Now printing detail ...
XII 22, 2014 12:04:45 ODP. com.sun.faban.driver.engine.MasterImpl generateReports
INFO: Detail finished. Results written to /opt/pmacik/bak/testy/Nastroje/faban/output/test.8I.
