XII 22, 2014 9:27:49 ODP. com.sun.faban.driver.util.Timer idleTimerCheck
INFO: TestAgent[0]: Performing idle timer check
XII 22, 2014 9:27:50 ODP. com.sun.faban.driver.util.Timer idleTimerCheck
INFO: TestAgent[0]: Idle timer characteristics:
Accuracy=3,
min. invocation cost=96,
med. invocation cost (math)=103.0,
med. invocation cost (phys)=103,
avg. invocation cost=102.3972,
max. invocation cost=580,
variance of invocation cost=54.03323216000032.
XII 22, 2014 9:28:10 ODP. com.sun.faban.driver.engine.AgentImpl run
INFO: TestAgent[0]: Successfully started 100 driver threads.
XII 22, 2014 9:28:10 ODP. com.sun.faban.driver.util.Timer calibrate
WARNING: TestAgent[0]: Rampup too short. Could not run calibration. Please increase rampup by at least 5 seconds
XII 22, 2014 9:28:10 ODP. com.sun.faban.driver.engine.MasterImpl executeRun
INFO: Started all threads; run commences in 2993 ms
XII 22, 2014 9:28:13 ODP. com.sun.faban.driver.util.Timer$BusyTimerMeter run
INFO: TestAgent[0]: Performing busy timer check
XII 22, 2014 9:28:13 ODP. com.sun.faban.driver.engine.MasterImpl executeRun
INFO: Ramp up completed
XII 22, 2014 9:28:15 ODP. com.sun.faban.driver.util.Timer$BusyTimerMeter run
INFO: TestAgent[0]: Busy timer characteristics:
Accuracy=3,
min. invocation cost=95,
med. invocation cost (math)=97.0,
med. invocation cost (phys)=97,
avg. invocation cost=100.2468,
max. invocation cost=3612,
variance of invocation cost=2378.4074897599994.
XII 22, 2014 9:28:15 ODP. com.sun.faban.driver.util.Timer$BusyTimerMeter run
WARNING: TestAgent[0]: Rampup too short. Could not run calibration. Please increase rampup by at least 3 seconds
XII 22, 2014 9:33:13 ODP. com.sun.faban.driver.engine.MasterImpl executeRun
INFO: Steady state completed
XII 22, 2014 9:33:13 ODP. com.sun.faban.driver.engine.MasterImpl executeRun
INFO: Ramp down completed
XII 22, 2014 9:33:13 ODP. com.sun.faban.driver.engine.MasterImpl getDriverMetrics
INFO: Gathering TestStats ...
XII 22, 2014 9:33:14 ODP. com.sun.faban.driver.engine.MasterImpl generateReports
INFO: Printing Summary report ...
XII 22, 2014 9:33:14 ODP. com.sun.faban.driver.engine.MasterImpl generateReports
INFO: Summary finished. Now printing detail ...
XII 22, 2014 9:33:14 ODP. com.sun.faban.driver.engine.MasterImpl generateReports
INFO: Detail finished. Results written to /opt/pmacik/bak/testy/Nastroje/faban/output/test.9P.
