This is pdfTeX, Version 3.1415926-2.5-1.40.14 (TeX Live 2013/Debian) (format=pdflatex 2014.11.1)  1 JAN 2015 21:46
entering extended mode
 restricted \write18 enabled.
 %&-line parsing enabled.
**bp.tex
(./bp.tex
LaTeX2e <2011/06/27>
Babel <3.9h> and hyphenation patterns for 78 languages loaded.
(./fithesis-utf8.cls
Document Class: fithesis-utf8 2006/06/12 version 0.2.10 (FI) MU thesis class
(/usr/share/texlive/texmf-dist/tex/latex/ntgclass/rapport3.cls
Document Class: rapport3 2004/06/07 v2.1a NTG LaTeX document class
(/usr/share/texlive/texmf-dist/tex/latex/ntgclass/ntg10.clo
File: ntg10.clo 2004/06/07 v2.1a NTG LaTeX file (size option)
)
\unitindent=\dimen102
\othermargin=\dimen103
\c@part=\count79
\c@chapter=\count80
\c@section=\count81
\c@subsection=\count82
\c@subsubsection=\count83
\c@paragraph=\count84
\c@subparagraph=\count85
\c@figure=\count86
\c@table=\count87
\abovecaptionskip=\skip41
\belowcaptionskip=\skip42
LaTeX Info: Redefining \em on input line 826.
\bibindent=\dimen104
)
(/usr/share/texlive/texmf-dist/tex/latex/psnfss/palatino.sty
Package: palatino 2005/04/12 PSNFSS-v9.2a (SPQR) 
)
(/usr/share/texlive/texmf-dist/tex/latex/base/inputenc.sty
Package: inputenc 2008/03/30 v1.1d Input encoding file
\inpenc@prehook=\toks14
\inpenc@posthook=\toks15

(/usr/share/texlive/texmf-dist/tex/latex/base/utf8.def
File: utf8.def 2008/04/05 v1.1m UTF-8 support for inputenc
Now handling font encoding OML ...
... no UTF-8 mapping file for font encoding OML
Now handling font encoding T1 ...
... processing UTF-8 mapping file for font encoding T1

(/usr/share/texlive/texmf-dist/tex/latex/base/t1enc.dfu
File: t1enc.dfu 2008/04/05 v1.1m UTF-8 support for inputenc
   defining Unicode char U+00A1 (decimal 161)
   defining Unicode char U+00A3 (decimal 163)
   defining Unicode char U+00AB (decimal 171)
   defining Unicode char U+00BB (decimal 187)
   defining Unicode char U+00BF (decimal 191)
   defining Unicode char U+00C0 (decimal 192)
   defining Unicode char U+00C1 (decimal 193)
   defining Unicode char U+00C2 (decimal 194)
   defining Unicode char U+00C3 (decimal 195)
   defining Unicode char U+00C4 (decimal 196)
   defining Unicode char U+00C5 (decimal 197)
   defining Unicode char U+00C6 (decimal 198)
   defining Unicode char U+00C7 (decimal 199)
   defining Unicode char U+00C8 (decimal 200)
   defining Unicode char U+00C9 (decimal 201)
   defining Unicode char U+00CA (decimal 202)
   defining Unicode char U+00CB (decimal 203)
   defining Unicode char U+00CC (decimal 204)
   defining Unicode char U+00CD (decimal 205)
   defining Unicode char U+00CE (decimal 206)
   defining Unicode char U+00CF (decimal 207)
   defining Unicode char U+00D0 (decimal 208)
   defining Unicode char U+00D1 (decimal 209)
   defining Unicode char U+00D2 (decimal 210)
   defining Unicode char U+00D3 (decimal 211)
   defining Unicode char U+00D4 (decimal 212)
   defining Unicode char U+00D5 (decimal 213)
   defining Unicode char U+00D6 (decimal 214)
   defining Unicode char U+00D8 (decimal 216)
   defining Unicode char U+00D9 (decimal 217)
   defining Unicode char U+00DA (decimal 218)
   defining Unicode char U+00DB (decimal 219)
   defining Unicode char U+00DC (decimal 220)
   defining Unicode char U+00DD (decimal 221)
   defining Unicode char U+00DE (decimal 222)
   defining Unicode char U+00DF (decimal 223)
   defining Unicode char U+00E0 (decimal 224)
   defining Unicode char U+00E1 (decimal 225)
   defining Unicode char U+00E2 (decimal 226)
   defining Unicode char U+00E3 (decimal 227)
   defining Unicode char U+00E4 (decimal 228)
   defining Unicode char U+00E5 (decimal 229)
   defining Unicode char U+00E6 (decimal 230)
   defining Unicode char U+00E7 (decimal 231)
   defining Unicode char U+00E8 (decimal 232)
   defining Unicode char U+00E9 (decimal 233)
   defining Unicode char U+00EA (decimal 234)
   defining Unicode char U+00EB (decimal 235)
   defining Unicode char U+00EC (decimal 236)
   defining Unicode char U+00ED (decimal 237)
   defining Unicode char U+00EE (decimal 238)
   defining Unicode char U+00EF (decimal 239)
   defining Unicode char U+00F0 (decimal 240)
   defining Unicode char U+00F1 (decimal 241)
   defining Unicode char U+00F2 (decimal 242)
   defining Unicode char U+00F3 (decimal 243)
   defining Unicode char U+00F4 (decimal 244)
   defining Unicode char U+00F5 (decimal 245)
   defining Unicode char U+00F6 (decimal 246)
   defining Unicode char U+00F8 (decimal 248)
   defining Unicode char U+00F9 (decimal 249)
   defining Unicode char U+00FA (decimal 250)
   defining Unicode char U+00FB (decimal 251)
   defining Unicode char U+00FC (decimal 252)
   defining Unicode char U+00FD (decimal 253)
   defining Unicode char U+00FE (decimal 254)
   defining Unicode char U+00FF (decimal 255)
   defining Unicode char U+0102 (decimal 258)
   defining Unicode char U+0103 (decimal 259)
   defining Unicode char U+0104 (decimal 260)
   defining Unicode char U+0105 (decimal 261)
   defining Unicode char U+0106 (decimal 262)
   defining Unicode char U+0107 (decimal 263)
   defining Unicode char U+010C (decimal 268)
   defining Unicode char U+010D (decimal 269)
   defining Unicode char U+010E (decimal 270)
   defining Unicode char U+010F (decimal 271)
   defining Unicode char U+0110 (decimal 272)
   defining Unicode char U+0111 (decimal 273)
   defining Unicode char U+0118 (decimal 280)
   defining Unicode char U+0119 (decimal 281)
   defining Unicode char U+011A (decimal 282)
   defining Unicode char U+011B (decimal 283)
   defining Unicode char U+011E (decimal 286)
   defining Unicode char U+011F (decimal 287)
   defining Unicode char U+0130 (decimal 304)
   defining Unicode char U+0131 (decimal 305)
   defining Unicode char U+0132 (decimal 306)
   defining Unicode char U+0133 (decimal 307)
   defining Unicode char U+0139 (decimal 313)
   defining Unicode char U+013A (decimal 314)
   defining Unicode char U+013D (decimal 317)
   defining Unicode char U+013E (decimal 318)
   defining Unicode char U+0141 (decimal 321)
   defining Unicode char U+0142 (decimal 322)
   defining Unicode char U+0143 (decimal 323)
   defining Unicode char U+0144 (decimal 324)
   defining Unicode char U+0147 (decimal 327)
   defining Unicode char U+0148 (decimal 328)
   defining Unicode char U+014A (decimal 330)
   defining Unicode char U+014B (decimal 331)
   defining Unicode char U+0150 (decimal 336)
   defining Unicode char U+0151 (decimal 337)
   defining Unicode char U+0152 (decimal 338)
   defining Unicode char U+0153 (decimal 339)
   defining Unicode char U+0154 (decimal 340)
   defining Unicode char U+0155 (decimal 341)
   defining Unicode char U+0158 (decimal 344)
   defining Unicode char U+0159 (decimal 345)
   defining Unicode char U+015A (decimal 346)
   defining Unicode char U+015B (decimal 347)
   defining Unicode char U+015E (decimal 350)
   defining Unicode char U+015F (decimal 351)
   defining Unicode char U+0160 (decimal 352)
   defining Unicode char U+0161 (decimal 353)
   defining Unicode char U+0162 (decimal 354)
   defining Unicode char U+0163 (decimal 355)
   defining Unicode char U+0164 (decimal 356)
   defining Unicode char U+0165 (decimal 357)
   defining Unicode char U+016E (decimal 366)
   defining Unicode char U+016F (decimal 367)
   defining Unicode char U+0170 (decimal 368)
   defining Unicode char U+0171 (decimal 369)
   defining Unicode char U+0178 (decimal 376)
   defining Unicode char U+0179 (decimal 377)
   defining Unicode char U+017A (decimal 378)
   defining Unicode char U+017B (decimal 379)
   defining Unicode char U+017C (decimal 380)
   defining Unicode char U+017D (decimal 381)
   defining Unicode char U+017E (decimal 382)
   defining Unicode char U+200C (decimal 8204)
   defining Unicode char U+2013 (decimal 8211)
   defining Unicode char U+2014 (decimal 8212)
   defining Unicode char U+2018 (decimal 8216)
   defining Unicode char U+2019 (decimal 8217)
   defining Unicode char U+201A (decimal 8218)
   defining Unicode char U+201C (decimal 8220)
   defining Unicode char U+201D (decimal 8221)
   defining Unicode char U+201E (decimal 8222)
   defining Unicode char U+2030 (decimal 8240)
   defining Unicode char U+2031 (decimal 8241)
   defining Unicode char U+2039 (decimal 8249)
   defining Unicode char U+203A (decimal 8250)
   defining Unicode char U+2423 (decimal 9251)
)
Now handling font encoding OT1 ...
... processing UTF-8 mapping file for font encoding OT1

(/usr/share/texlive/texmf-dist/tex/latex/base/ot1enc.dfu
File: ot1enc.dfu 2008/04/05 v1.1m UTF-8 support for inputenc
   defining Unicode char U+00A1 (decimal 161)
   defining Unicode char U+00A3 (decimal 163)
   defining Unicode char U+00B8 (decimal 184)
   defining Unicode char U+00BF (decimal 191)
   defining Unicode char U+00C5 (decimal 197)
   defining Unicode char U+00C6 (decimal 198)
   defining Unicode char U+00D8 (decimal 216)
   defining Unicode char U+00DF (decimal 223)
   defining Unicode char U+00E6 (decimal 230)
   defining Unicode char U+00EC (decimal 236)
   defining Unicode char U+00ED (decimal 237)
   defining Unicode char U+00EE (decimal 238)
   defining Unicode char U+00EF (decimal 239)
   defining Unicode char U+00F8 (decimal 248)
   defining Unicode char U+0131 (decimal 305)
   defining Unicode char U+0141 (decimal 321)
   defining Unicode char U+0142 (decimal 322)
   defining Unicode char U+0152 (decimal 338)
   defining Unicode char U+0153 (decimal 339)
   defining Unicode char U+2013 (decimal 8211)
   defining Unicode char U+2014 (decimal 8212)
   defining Unicode char U+2018 (decimal 8216)
   defining Unicode char U+2019 (decimal 8217)
   defining Unicode char U+201C (decimal 8220)
   defining Unicode char U+201D (decimal 8221)
)
Now handling font encoding OMS ...
... processing UTF-8 mapping file for font encoding OMS

(/usr/share/texlive/texmf-dist/tex/latex/base/omsenc.dfu
File: omsenc.dfu 2008/04/05 v1.1m UTF-8 support for inputenc
   defining Unicode char U+00A7 (decimal 167)
   defining Unicode char U+00B6 (decimal 182)
   defining Unicode char U+00B7 (decimal 183)
   defining Unicode char U+2020 (decimal 8224)
   defining Unicode char U+2021 (decimal 8225)
   defining Unicode char U+2022 (decimal 8226)
)
Now handling font encoding OMX ...
... no UTF-8 mapping file for font encoding OMX
Now handling font encoding U ...
... no UTF-8 mapping file for font encoding U
   defining Unicode char U+00A9 (decimal 169)
   defining Unicode char U+00AA (decimal 170)
   defining Unicode char U+00AE (decimal 174)
   defining Unicode char U+00BA (decimal 186)
   defining Unicode char U+02C6 (decimal 710)
   defining Unicode char U+02DC (decimal 732)
   defining Unicode char U+200C (decimal 8204)
   defining Unicode char U+2026 (decimal 8230)
   defining Unicode char U+2122 (decimal 8482)
   defining Unicode char U+2423 (decimal 9251)
))
(/usr/share/texlive/texmf-dist/tex/latex/graphics/graphicx.sty
Package: graphicx 1999/02/16 v1.0f Enhanced LaTeX Graphics (DPC,SPQR)

(/usr/share/texlive/texmf-dist/tex/latex/graphics/keyval.sty
Package: keyval 1999/03/16 v1.13 key=value parser (DPC)
\KV@toks@=\toks16
)
(/usr/share/texlive/texmf-dist/tex/latex/graphics/graphics.sty
Package: graphics 2009/02/05 v1.0o Standard LaTeX Graphics (DPC,SPQR)

(/usr/share/texlive/texmf-dist/tex/latex/graphics/trig.sty
Package: trig 1999/03/16 v1.09 sin cos tan (DPC)
)
(/usr/share/texlive/texmf-dist/tex/latex/latexconfig/graphics.cfg
File: graphics.cfg 2010/04/23 v1.9 graphics configuration of TeX Live
)
Package graphics Info: Driver file: pdftex.def on input line 91.

(/usr/share/texlive/texmf-dist/tex/latex/pdftex-def/pdftex.def
File: pdftex.def 2011/05/27 v0.06d Graphics/color for pdfTeX

(/usr/share/texlive/texmf-dist/tex/generic/oberdiek/infwarerr.sty
Package: infwarerr 2010/04/08 v1.3 Providing info/warning/error messages (HO)
)
(/usr/share/texlive/texmf-dist/tex/generic/oberdiek/ltxcmds.sty
Package: ltxcmds 2011/11/09 v1.22 LaTeX kernel commands for general use (HO)
)
\Gread@gobject=\count88
))
\Gin@req@height=\dimen105
\Gin@req@width=\dimen106
)
(./fit12.clo
File: fit12.clo 1998/03/30 fithesis (size option)
)) (/usr/share/texlive/texmf-dist/tex/latex/hyperref/hyperref.sty
Package: hyperref 2012/11/06 v6.83m Hypertext links for LaTeX

(/usr/share/texlive/texmf-dist/tex/generic/oberdiek/hobsub-hyperref.sty
Package: hobsub-hyperref 2012/05/28 v1.13 Bundle oberdiek, subset hyperref (HO)


(/usr/share/texlive/texmf-dist/tex/generic/oberdiek/hobsub-generic.sty
Package: hobsub-generic 2012/05/28 v1.13 Bundle oberdiek, subset generic (HO)
Package: hobsub 2012/05/28 v1.13 Construct package bundles (HO)
Package hobsub Info: Skipping package `infwarerr' (already loaded).
Package hobsub Info: Skipping package `ltxcmds' (already loaded).
Package: ifluatex 2010/03/01 v1.3 Provides the ifluatex switch (HO)
Package ifluatex Info: LuaTeX not detected.
Package: ifvtex 2010/03/01 v1.5 Detect VTeX and its facilities (HO)
Package ifvtex Info: VTeX not detected.
Package: intcalc 2007/09/27 v1.1 Expandable calculations with integers (HO)
Package: ifpdf 2011/01/30 v2.3 Provides the ifpdf switch (HO)
Package ifpdf Info: pdfTeX in PDF mode is detected.
Package: etexcmds 2011/02/16 v1.5 Avoid name clashes with e-TeX commands (HO)
Package etexcmds Info: Could not find \expanded.
(etexcmds)             That can mean that you are not using pdfTeX 1.50 or
(etexcmds)             that some package has redefined \expanded.
(etexcmds)             In the latter case, load this package earlier.
Package: kvsetkeys 2012/04/25 v1.16 Key value parser (HO)
Package: kvdefinekeys 2011/04/07 v1.3 Define keys (HO)
Package: pdftexcmds 2011/11/29 v0.20 Utility functions of pdfTeX for LuaTeX (HO
)
Package pdftexcmds Info: LuaTeX not detected.
Package pdftexcmds Info: \pdf@primitive is available.
Package pdftexcmds Info: \pdf@ifprimitive is available.
Package pdftexcmds Info: \pdfdraftmode found.
Package: pdfescape 2011/11/25 v1.13 Implements pdfTeX's escape features (HO)
Package: bigintcalc 2012/04/08 v1.3 Expandable calculations on big integers (HO
)
Package: bitset 2011/01/30 v1.1 Handle bit-vector datatype (HO)
Package: uniquecounter 2011/01/30 v1.2 Provide unlimited unique counter (HO)
)
Package hobsub Info: Skipping package `hobsub' (already loaded).
Package: letltxmacro 2010/09/02 v1.4 Let assignment for LaTeX macros (HO)
Package: hopatch 2012/05/28 v1.2 Wrapper for package hooks (HO)
Package: xcolor-patch 2011/01/30 xcolor patch
Package: atveryend 2011/06/30 v1.8 Hooks at the very end of document (HO)
Package atveryend Info: \enddocument detected (standard20110627).
Package: atbegshi 2011/10/05 v1.16 At begin shipout hook (HO)
Package: refcount 2011/10/16 v3.4 Data extraction from label references (HO)
Package: hycolor 2011/01/30 v1.7 Color options for hyperref/bookmark (HO)
)
(/usr/share/texlive/texmf-dist/tex/generic/ifxetex/ifxetex.sty
Package: ifxetex 2010/09/12 v0.6 Provides ifxetex conditional
)
(/usr/share/texlive/texmf-dist/tex/latex/oberdiek/auxhook.sty
Package: auxhook 2011/03/04 v1.3 Hooks for auxiliary files (HO)
)
(/usr/share/texlive/texmf-dist/tex/latex/oberdiek/kvoptions.sty
Package: kvoptions 2011/06/30 v3.11 Key value format for package options (HO)
)
\@linkdim=\dimen107
\Hy@linkcounter=\count89
\Hy@pagecounter=\count90

(/usr/share/texlive/texmf-dist/tex/latex/hyperref/pd1enc.def
File: pd1enc.def 2012/11/06 v6.83m Hyperref: PDFDocEncoding definition (HO)
Now handling font encoding PD1 ...
... no UTF-8 mapping file for font encoding PD1
)
\Hy@SavedSpaceFactor=\count91

(/usr/share/texlive/texmf-dist/tex/latex/latexconfig/hyperref.cfg
File: hyperref.cfg 2002/06/06 v1.2 hyperref configuration of TeXLive
)
Package hyperref Info: Option `final' set `true' on input line 4319.
Package hyperref Info: Option `colorlinks' set `true' on input line 4319.
Package hyperref Info: Hyper figures OFF on input line 4443.
Package hyperref Info: Link nesting OFF on input line 4448.
Package hyperref Info: Hyper index ON on input line 4451.
Package hyperref Info: Plain pages OFF on input line 4458.
Package hyperref Info: Backreferencing OFF on input line 4463.
Package hyperref Info: Implicit mode ON; LaTeX internals redefined.
Package hyperref Info: Bookmarks ON on input line 4688.
\c@Hy@tempcnt=\count92

(/usr/share/texlive/texmf-dist/tex/latex/url/url.sty
\Urlmuskip=\muskip10
Package: url 2013/09/16  ver 3.4  Verb mode for urls, etc.
)
LaTeX Info: Redefining \url on input line 5041.
\XeTeXLinkMargin=\dimen108
\Fld@menulength=\count93
\Field@Width=\dimen109
\Fld@charsize=\dimen110
Package hyperref Info: Hyper figures OFF on input line 6295.
Package hyperref Info: Link nesting OFF on input line 6300.
Package hyperref Info: Hyper index ON on input line 6303.
Package hyperref Info: backreferencing OFF on input line 6310.
Package hyperref Info: Link coloring ON on input line 6313.
Package hyperref Info: Link coloring with OCG OFF on input line 6320.
Package hyperref Info: PDF/A mode OFF on input line 6325.
LaTeX Info: Redefining \ref on input line 6365.
LaTeX Info: Redefining \pageref on input line 6369.
\Hy@abspage=\count94
\c@Item=\count95
\c@Hfootnote=\count96
)

Package hyperref Message: Driver (autodetected): hpdftex.

(/usr/share/texlive/texmf-dist/tex/latex/hyperref/hpdftex.def
File: hpdftex.def 2012/11/06 v6.83m Hyperref driver for pdfTeX
\Fld@listcount=\count97
\c@bookmark@seq@number=\count98

(/usr/share/texlive/texmf-dist/tex/latex/oberdiek/rerunfilecheck.sty
Package: rerunfilecheck 2011/04/15 v1.7 Rerun checks for auxiliary files (HO)
Package uniquecounter Info: New unique counter `rerunfilecheck' on input line 2
82.
)
\Hy@SectionHShift=\skip43
)
(/usr/share/texlive/texmf-dist/tex/generic/babel/babel.sty
Package: babel 2013/12/03 3.9h The Babel package

(/usr/share/texlive/texmf-dist/tex/generic/babel-czech/czech.ldf
Language: czech 2008/07/06 v3.1a Czech support from the babel system

(/usr/share/texlive/texmf-dist/tex/generic/babel/babel.def
File: babel.def 2013/12/03 3.9h Babel common definitions
\babel@savecnt=\count99
\U@D=\dimen111
)
Package babel Info: Making " an active character on input line 172.
\cs@wordlen=\count100
Package babel Info: Making - an active character on input line 226.
)
(/usr/share/texlive/texmf-dist/tex/generic/babel-slovak/slovak.ldf
Language: slovak 2008/07/06 v3.1a Slovak support from the babel system
Package babel Info: Making ^ an active character on input line 123.
Package babel Info: Making ' an active character on input line 129.
LaTeX Info: Redefining \uv on input line 278.
\cs@wordlen=\count101
))
(/usr/share/texlive/texmf-dist/tex/latex/a4wide/a4wide.sty
Package: a4wide 1994/08/30

(/usr/share/texlive/texmf-dist/tex/latex/ntgclass/a4.sty
Package: a4 2004/04/15 v1.2g A4 based page layout
))
(/usr/share/texlive/texmf-dist/tex/latex/float/float.sty
Package: float 2001/11/08 v1.3d Float enhancements (AL)
\c@float@type=\count102
\float@exts=\toks17
\float@box=\box26
\@float@everytoks=\toks18
\@floatcapt=\box27
)
(/usr/share/texlive/texmf-dist/tex/latex/dirtree/dirtree.sty
Package: dirtree 2012/12/11 v0.32 package wrapper for dirtree

(/usr/share/texlive/texmf-dist/tex/latex/dirtree/dirtree.tex
`dirtree' v0.32, 2012/12/11 (jcc)
\DT@offset=\dimen112
\DT@width=\dimen113
\DT@sep=\dimen114
\DT@all=\dimen115
\DT@rulewidth=\dimen116
\DT@dotwidth=\dimen117
\DTbaselineskip=\dimen118
\DT@counti=\count103
\DT@countii=\count104
\DT@countiii=\count105
\DT@countiv=\count106
\DT@indent=\dimen119
\DT@parskip=\dimen120
\DT@baselineskip=\dimen121
)
File: dirtree.tex 2012/12/11 v0.32 `dirtree' (jcc)
) (./bp.aux)
\openout1 = `bp.aux'.

LaTeX Font Info:    Checking defaults for OML/cmm/m/it on input line 27.
LaTeX Font Info:    ... okay on input line 27.
LaTeX Font Info:    Checking defaults for T1/cmr/m/n on input line 27.
LaTeX Font Info:    ... okay on input line 27.
LaTeX Font Info:    Checking defaults for OT1/cmr/m/n on input line 27.
LaTeX Font Info:    ... okay on input line 27.
LaTeX Font Info:    Checking defaults for OMS/cmsy/m/n on input line 27.
LaTeX Font Info:    ... okay on input line 27.
LaTeX Font Info:    Checking defaults for OMX/cmex/m/n on input line 27.
LaTeX Font Info:    ... okay on input line 27.
LaTeX Font Info:    Checking defaults for U/cmr/m/n on input line 27.
LaTeX Font Info:    ... okay on input line 27.
LaTeX Font Info:    Checking defaults for PD1/pdf/m/n on input line 27.
LaTeX Font Info:    ... okay on input line 27.
LaTeX Font Info:    Try loading font information for OT1+ppl on input line 27.

(/usr/share/texlive/texmf-dist/tex/latex/psnfss/ot1ppl.fd
File: ot1ppl.fd 2001/06/04 font definitions for OT1/ppl.
)
(/usr/share/texlive/texmf-dist/tex/context/base/supp-pdf.mkii
[Loading MPS to PDF converter (version 2006.09.02).]
\scratchcounter=\count107
\scratchdimen=\dimen122
\scratchbox=\box28
\nofMPsegments=\count108
\nofMParguments=\count109
\everyMPshowfont=\toks19
\MPscratchCnt=\count110
\MPscratchDim=\dimen123
\MPnumerator=\count111
\makeMPintoPDFobject=\count112
\everyMPtoPDFconversion=\toks20
) (/usr/share/texlive/texmf-dist/tex/latex/oberdiek/epstopdf-base.sty
Package: epstopdf-base 2010/02/09 v2.5 Base part for package epstopdf

(/usr/share/texlive/texmf-dist/tex/latex/oberdiek/grfext.sty
Package: grfext 2010/08/19 v1.1 Manage graphics extensions (HO)
)
Package grfext Info: Graphics extension search list:
(grfext)             [.png,.pdf,.jpg,.mps,.jpeg,.jbig2,.jb2,.PNG,.PDF,.JPG,.JPE
G,.JBIG2,.JB2,.eps]
(grfext)             \AppendGraphicsExtensions on input line 452.

(/usr/share/texlive/texmf-dist/tex/latex/latexconfig/epstopdf-sys.cfg
File: epstopdf-sys.cfg 2010/07/13 v1.3 Configuration of (r)epstopdf for TeX Liv
e
))
\AtBeginShipoutBox=\box29

(/usr/share/texlive/texmf-dist/tex/latex/graphics/color.sty
Package: color 2005/11/14 v1.0j Standard LaTeX Color (DPC)

(/usr/share/texlive/texmf-dist/tex/latex/latexconfig/color.cfg
File: color.cfg 2007/01/18 v1.5 color configuration of teTeX/TeXLive
)
Package color Info: Driver file: pdftex.def on input line 130.
)
Package hyperref Info: Link coloring ON on input line 27.

(/usr/share/texlive/texmf-dist/tex/latex/hyperref/nameref.sty
Package: nameref 2012/10/27 v2.43 Cross-referencing by name of section

(/usr/share/texlive/texmf-dist/tex/generic/oberdiek/gettitlestring.sty
Package: gettitlestring 2010/12/03 v1.4 Cleanup title references (HO)
)
\c@section@level=\count113
)
LaTeX Info: Redefining \ref on input line 27.
LaTeX Info: Redefining \pageref on input line 27.
LaTeX Info: Redefining \nameref on input line 27.

(./bp.out) (./bp.out)
\@outlinefile=\write3
\openout3 = `bp.out'.

LaTeX Font Info:    Font shape `OT1/ppl/bx/n' in size <24.88> not available
(Font)              Font shape `OT1/ppl/b/n' tried instead on input line 31.
LaTeX Font Info:    Font shape `OT1/ppl/bx/n' in size <17.28> not available
(Font)              Font shape `OT1/ppl/b/n' tried instead on input line 31.
 [1

{/var/lib/texmf/fonts/map/pdftex/updmap/pdftex.map}]
LaTeX Font Info:    Font shape `OT1/ppl/bx/n' in size <12> not available
(Font)              Font shape `OT1/ppl/b/n' tried instead on input line 35.

[2

] [3

]
Underfull \hbox (badness 10000) in paragraph at lines 45--48

 []

LaTeX Font Info:    Try loading font information for OMS+ppl on input line 50.
(/usr/share/texlive/texmf-dist/tex/latex/psnfss/omsppl.fd
File: omsppl.fd 
)
LaTeX Font Info:    Font shape `OMS/ppl/m/n' in size <12> not available
(Font)              Font shape `OMS/cmsy/m/n' tried instead on input line 50.
 [4

] [5

] (./bp.toc
LaTeX Font Info:    External font `cmex10' loaded for size
(Font)              <12> on input line 2.
LaTeX Font Info:    External font `cmex10' loaded for size
(Font)              <8> on input line 2.
LaTeX Font Info:    External font `cmex10' loaded for size
(Font)              <6> on input line 2.

[6

])
\tf@toc=\write4
\openout4 = `bp.toc'.

 [7] (./bp.lof
Underfull \vbox (badness 1558) has occurred while \output is active []

 [8

]
Underfull \vbox (badness 1533) has occurred while \output is active []

 [9])
\tf@lof=\write5
\openout5 = `bp.lof'.


[10]
Kapitola 1.
LaTeX Font Info:    Font shape `OT1/ppl/bx/n' in size <14.4> not available
(Font)              Font shape `OT1/ppl/b/n' tried instead on input line 66.

Overfull \hbox (9.21805pt too wide) in paragraph at lines 67--79
\OT1/ppl/m/n/12 v[]ypo[]ctov[]y v[]ykon [[]]. Tento probl[]em sa d[]a rie[]sit[
] dvoma sp[]osobmi. Jed-no-duch[]ym rie[]sen[]^^Pm
 []


Overfull \hbox (2.95332pt too wide) in paragraph at lines 67--79
\OT1/ppl/m/n/12 vlast-nost[]^^P syst[]emu, ako roz[]s[]^^Pritel[]nost[] a efekt
[]^^Pvnost[] vyu[]z[]^^Pvania pros-tried-kov. Naj[]castej[]sie
 []


Overfull \hbox (0.79343pt too wide) in paragraph at lines 67--79
\OT1/ppl/m/n/12 pou[]z[]^^Pvan[]ymi tes-tami v[]ykonu s[]u z[]at[]a[]zov[]e tes
ty, []unavov[]e testy, testy v[]ydr[]ze, kul-mina[]cn[]e
 []


Underfull \hbox (badness 10000) in paragraph at lines 67--79

 []


Underfull \hbox (badness 10000) in paragraph at lines 80--82

 []

[1


]
Kapitola 2.

Package hyperref Warning: Composite letter `\textasciicaron+t'
(hyperref)                not defined in PD1 encoding,
(hyperref)                removing `\textasciicaron' on input line 93.


Overfull \hbox (2.45033pt too wide) in paragraph at lines 94--95
\OT1/ppl/m/n/12 Najpou[]z[]^^Pvanej[]s[]^^Pm a naj-jed-no-duch[]s[]^^Pm tes-tom
 je z[]at[]a[]zov[]y test. Po[]cas tohto testu je syst[]em
 []


Overfull \hbox (4.65802pt too wide) in paragraph at lines 97--98
\OT1/ppl/m/n/12 alebo vel[]mi dlh[]y []cas odozvy. N[]asledne je mo[]zn[]e ur[]
cit[] ma-xim[]alnu []unosn[]u z[]at[]a[]z syst[]emu.
 []

[2

]

Package hyperref Warning: Composite letter `\textasciicaron+c'
(hyperref)                not defined in PD1 encoding,
(hyperref)                removing `\textasciicaron' on input line 102.


Package hyperref Warning: Composite letter `\textasciicaron+c'
(hyperref)                not defined in PD1 encoding,
(hyperref)                removing `\textasciicaron' on input line 105.


Package hyperref Warning: Composite letter `\textasciicaron+c'
(hyperref)                not defined in PD1 encoding,
(hyperref)                removing `\textasciicaron' on input line 108.


Overfull \hbox (20.18562pt too wide) in paragraph at lines 109--110
\OT1/ppl/m/n/12 Izola[]cn[]e testy pom[]ahaj[]u od-ha-lit[] chybn[]e kom-po-nen
ty opa-ko-van[]ym sp[]u[]st[]an[]^^Pm ne[]uspe[]sn[]ych
 []

[3]
Kapitola 3.

Overfull \hbox (17.99042pt too wide) in paragraph at lines 116--117
[]\OT1/ppl/m/n/12 In[]stal[]acia, obozn[]amenie sa s n[]astrojmi, []studovanie 
do-ku-ment[]acie, in[]stal[]acia n[]astrojov
 []


Overfull \hbox (3.69731pt too wide) in paragraph at lines 120--121
[]\OT1/ppl/m/n/12 Vytvorenie tes-to-va-cej ar-chi-tekt[]ury, ktor[]a sp[]u[]st[
]a a riadi prie-beh tes-tov. Tu je d[]ole[]zit[]e
 []

[4

]
Kapitola 4.
LaTeX Font Info:    Try loading font information for OT1+pcr on input line 133.

(/usr/share/texlive/texmf-dist/tex/latex/psnfss/ot1pcr.fd
File: ot1pcr.fd 2001/06/04 font definitions for OT1/pcr.
)
Overfull \hbox (3.69734pt too wide) in paragraph at lines 136--137
\OT1/ppl/m/n/12 s nain[]stalovan[]ym Java be-hov[]ym pro-stred[]^^Pm JRE[][][][
][] ver-zie 6 a vy[]s[]sej. V opera[]cnom syst[]eme
 []

[5

]

Package hyperref Warning: Composite letter `\textasciicaron+l'
(hyperref)                not defined in PD1 encoding,
(hyperref)                removing `\textasciicaron' on input line 144.


Package hyperref Warning: Composite letter `\textasciicaron+t'
(hyperref)                not defined in PD1 encoding,
(hyperref)                removing `\textasciicaron' on input line 144.


Overfull \hbox (27.02925pt too wide) in paragraph at lines 145--149
\OT1/ppl/m/n/12 Tutori[]al [][]$\OT1/pcr/m/n/12 http : / / wiki . apache . org 
/ jmeter / JMeterAndEclipseHowTo$[][] \OT1/ppl/m/n/12 z wiki str[]anky
 []


Overfull \hbox (27.79582pt too wide) in paragraph at lines 145--149
[]\OT1/ppl/m/n/12 citatel[]a hned[] v []uvode pre-sme-ruje na str[]anku [][]$\O
T1/pcr/m/n/12 http : / / people . apache . org / []mkostrze /
 []


Overfull \hbox (12.81297pt too wide) in paragraph at lines 145--149
\OT1/pcr/m/n/12 jmeter-[]eclipse / jmeter-[]eclipse . html$[][]\OT1/ppl/m/n/12 
, ktor[]a bola na-po-sledy upra-ven[]a 10.03.2004.
 []


Underfull \hbox (badness 10000) in paragraph at lines 145--149

 []


Overfull \hbox (2.95396pt too wide) in paragraph at lines 150--154
\OT1/ppl/m/n/12 nov[]a slu[]zba Ge-ner[]atory z[]at[]a[]ze (Load Ge-ne-ra-tors)
 ob-sa-huj[]uca ge-ner[]ator JMe-ter, ktor[]emu
 []


Underfull \hbox (badness 10000) in paragraph at lines 150--154

 []


Overfull \hbox (12.61403pt too wide) in paragraph at lines 155--159
\OT1/ppl/m/n/12 Doplnok pre In-tel-liJ IDEA je nutn[]e stia-hnut[] zo str[]anky
 [][]$\OT1/pcr/m/n/12 https : / / plugins . jetbrains .
 []


Underfull \hbox (badness 10000) in paragraph at lines 155--159

 []

[6] [7]
Overfull \hbox (7.21486pt too wide) in paragraph at lines 170--171
\OT1/ppl/m/n/12 Faban je nap[]^^Psan[]y v ja-zyku Java a jeho li-cen-cia je ope
n-source. Sklad[]a sa z dvoch hlavn[]ych
 []


Overfull \hbox (22.5167pt too wide) in paragraph at lines 179--180
[][]$\OT1/pcr/m/n/12 http : / / faban . org / docs / QuickStartTutorial . html$
[][]\OT1/ppl/m/n/12 . N[]avod po-pi-suj[]uci vytv[]aranie
 []


Overfull \hbox (44.3811pt too wide) in paragraph at lines 179--180
\OT1/ppl/m/n/12 z[]at[]a[]ze je k dis-poz[]^^Pcii na str[]anke [][]$\OT1/pcr/m/
n/12 http : / / faban . org / docs / CreatingWorkloadTutorial .
 []


Overfull \hbox (15.70076pt too wide) in paragraph at lines 179--180
\OT1/pcr/m/n/12 html$[][]\OT1/ppl/m/n/12 . []Dal[]sie n[]avody s[]u k dis-poz[]
^^Pcii na str[]anke [][]$\OT1/pcr/m/n/12 http : / / faban . org / 1 . 2 / docs 
/ index .
 []


Package hyperref Warning: Composite letter `\textasciicaron+l'
(hyperref)                not defined in PD1 encoding,
(hyperref)                removing `\textasciicaron' on input line 181.


Package hyperref Warning: Composite letter `\textasciicaron+t'
(hyperref)                not defined in PD1 encoding,
(hyperref)                removing `\textasciicaron' on input line 181.

[8] [9]
Overfull \hbox (14.89418pt too wide) in paragraph at lines 189--190
\OT1/ppl/m/n/12 Gatling je open-source, po-dobne ako v[]setky predch[]adzaj[]uc
e n[]astroje. K[]ym predch[]adzaj[]uce
 []


Overfull \hbox (15.06462pt too wide) in paragraph at lines 192--193
\OT1/ppl/m/n/12 Star[]e ver-zie prog-ramu sa nach[]adzaj[]u na str[]anke [][]$\
OT1/pcr/m/n/12 www . github . com / excilys / gatling /
 []


Overfull \hbox (8.38028pt too wide) in paragraph at lines 192--193
\OT1/pcr/m/n/12 gatling . io / download/$[][]\OT1/ppl/m/n/12 . Nach[]adza sa tu
 aj ver-zia 2.2.0-SNAPSHOT, ktor[]a je vo v[]yvoji.
 []


Overfull \hbox (12.75839pt too wide) in paragraph at lines 195--196
\OT1/ppl/m/n/12 Program je mo[]zn[]e spus-tit[] v pr[]^^Pkazovom riadku pr[]^^P
kazom \OT1/ppl/m/it/12 ./gat-ling.sh \OT1/ppl/m/n/12 pre Li-nux a pr[]^^Pkazom
 []


Overfull \hbox (19.80106pt too wide) in paragraph at lines 195--196
\OT1/ppl/m/n/12 gra-fick[]e ro-z-hra-nie, preto testy vytv[]aram v tex-to-vom e
di-tore podl[]a do-ku-ment[]acie. Sp[]u[]st[]anie
 []


Package hyperref Warning: Composite letter `\textasciicaron+l'
(hyperref)                not defined in PD1 encoding,
(hyperref)                removing `\textasciicaron' on input line 201.


Package hyperref Warning: Composite letter `\textasciicaron+t'
(hyperref)                not defined in PD1 encoding,
(hyperref)                removing `\textasciicaron' on input line 201.


Overfull \hbox (2.3172pt too wide) in paragraph at lines 202--205
\OT1/ppl/m/n/12 Gatling ne-pos-ky-tuje pod-poru po-mo-cou sa-mos-tatn[]ych do-p
l-n-kov pre jed-not-liv[]e v[]yvojov[]e
 []

[10]
Underfull \hbox (badness 10000) in paragraph at lines 207--215

 []


Overfull \hbox (6.74568pt too wide) in paragraph at lines 207--215
\OT1/ppl/m/n/12 Gatling je mo[]zn[]e po-mo-cou Ma-ven Ar-che-type iba do v[]yvo
jov[]ych pro-stred[]^^P pod-po-ruj[]ucich
 []


Underfull \hbox (badness 10000) in paragraph at lines 207--215

 []

[11]
Overfull \hbox (10.16676pt too wide) in paragraph at lines 221--222
\OT1/ppl/m/n/12 Na str[]anke [][]$\OT1/pcr/m/n/12 www . github . com / PerfCake
$[][] \OT1/ppl/m/n/12 s[]u do-stupn[]e plu-giny pre Ma-ven, In-tel-liJ IDEA,
 []


Overfull \hbox (11.21152pt too wide) in paragraph at lines 224--225
\OT1/ppl/m/n/12 menn[]u pro-stre-dia. Pre opera[]cn[]e syst[]emy Win-dows a Li-
nux je na str[]anke [][]$\OT1/pcr/m/n/12 www . perfcake .
 []


Overfull \hbox (108.98033pt too wide) in paragraph at lines 230--231
\OT1/ppl/m/n/12 U[]z[]^^Pvatel[]sk[]a do-ku-ment[]acia sa nach[]adza na str[]an
ke [][]$\OT1/pcr/m/n/12 www . perfcake . org / docs / perfcake-[]user-[]guide .

 []


Overfull \hbox (4.23798pt too wide) in paragraph at lines 230--231
\OT1/pcr/m/n/12 pdf$[][]\OT1/ppl/m/n/12 . Sklad[]a sa zo sied-mich ka-pi-tol, v
 ktor[]ych po-pi-suje ar-chi-tekt[]uru, vytv[]aranie scen[]arov,
 []


Package hyperref Warning: Composite letter `\textasciicaron+l'
(hyperref)                not defined in PD1 encoding,
(hyperref)                removing `\textasciicaron' on input line 232.


Package hyperref Warning: Composite letter `\textasciicaron+t'
(hyperref)                not defined in PD1 encoding,
(hyperref)                removing `\textasciicaron' on input line 232.

[12] [13]
Kapitola 5.

Overfull \hbox (1.69434pt too wide) in paragraph at lines 248--249
\OT1/ppl/m/n/12 mapy vklad[]a st[]ale nov[]e a nov[]e hod-noty, a t[]ym sa vy-t
vor[]^^P []unik pam[]ate. Slu[]zbu pou[]z[]^^Pvam
 []

[14

]
Overfull \hbox (35.78445pt too wide) in paragraph at lines 252--253
\OT1/ppl/m/n/12 pire 4830TG s pro-ce-so-rom In-tel Core i5-2410 a 8GB RAM pam[]
at[]ou. Na po[]c[]^^Pta[]ci je nain[]stalovan[]a
 []

[15]
Underfull \hbox (badness 10000) in paragraph at lines 256--258

 []


Overfull \hbox (2.55789pt too wide) in paragraph at lines 261--265
\OT1/ppl/m/n/12 mo[]zn[]e sle-do-vat[] efek-ti-vitu ge-ne-ro-va-nia ma-xim[]aln
ej z[]at[]a[]ze, ge-ne-ro-va-nie v[]ysledkov
 []


Underfull \hbox (badness 10000) in paragraph at lines 261--265

 []


Underfull \hbox (badness 10000) in paragraph at lines 266--270

 []


Underfull \hbox (badness 10000) in paragraph at lines 271--275

 []

[16]
Underfull \hbox (badness 10000) in paragraph at lines 277--281

 []


Overfull \hbox (0.80615pt too wide) in paragraph at lines 282--286
\OT1/ppl/m/n/12 Naj[]castej[]sie pou[]z[]^^Pvan[]y typ tes-tov v[]ykonu je re-p
re-zen-to-van[]y po-mo-cou z[]akladn[]eho
 []


Underfull \hbox (badness 10000) in paragraph at lines 282--286

 []


Overfull \hbox (4.7898pt too wide) in paragraph at lines 287--291
\OT1/ppl/m/n/12 Syst[]em je vy-sta-ven[]y z[]at[]a[]zi ge-ne-ro-va-nej sto kli-
entmi po dobu jed-nej ho-diny. Vel[]kost[]
 []


Underfull \hbox (badness 10000) in paragraph at lines 287--291

 []


Overfull \hbox (1.88623pt too wide) in paragraph at lines 292--295
\OT1/ppl/m/n/12 Teoretick[]a prie-pust-nost[] n[]astroja ur[]cuje, ako r[]ychlo
 dok[]a[]ze n[]astroj ge-ne-ro-vat[] z[]at[]a[]z.
 []


Overfull \hbox (14.23412pt too wide) in paragraph at lines 292--295
\OT1/ppl/m/n/12 Vy-sok[]a prie-pust-nost[] n[]astroja umo[]z[]nuje ge-ne-ro-vat
[] vy[]s[]siu z[]at[]a[]z za vyu[]zitia men[]sieho
 []

[17]
Overfull \hbox (2.25743pt too wide) in paragraph at lines 303--304
\OT1/ppl/m/n/12 ktor[]y riadi sp[]u[]stanie testu. V ad-res[]aroch druh[]eho, t
re-tieho a []siesteho testu sa nach[]adzaj[]u
 []

[18]
Overfull \hbox (2.52184pt too wide) in paragraph at lines 323--326
\OT1/ppl/m/n/12 s[]ubory. V pr[]^^Ppade n[]astroja Apa-che JMe-ter s[]u to s[]u
bory s pr[]^^Pponou ".jtl" a v pr[]^^Ppade
 []


Overfull \hbox (4.02245pt too wide) in paragraph at lines 323--326
\OT1/ppl/m/n/12 n[]astroja Gat-ling s[]ubory "si-mu-la-tion.log". Tieto s[]ubor
y ob-sa-huj[]u z[]aznam pre ka[]zd[]u
 []


Overfull \hbox (16.61015pt too wide) in paragraph at lines 323--326
\OT1/ppl/m/n/12 hod-no-te-nie a po-rov-na-nie tes-tov, preto je []ziad[]uce ich
 zma-za-nie po []uspe[]snom ukon[]cen[]^^P
 []

[19]
Overfull \hbox (13.45775pt too wide) in paragraph at lines 343--346
\OT1/ppl/m/n/12 spus-ten[]^^Pm testu. K tomu doch[]adza spus-ten[]^^Pm skriptu 
ssh$[]$restart$[]$jboss.sh pr[]^^Pkazom
 []


Overfull \hbox (5.10176pt too wide) in paragraph at lines 355--357
\OT1/ppl/m/n/12 dobu po-trebn[]u pre vy-ko-na-nie testu a vy-ge-ne-ro-va-nie re
-por-tov a lo-go-vac[]^^Pch s[]uborov
 []


Overfull \hbox (10.56252pt too wide) in paragraph at lines 358--360
\OT1/ppl/m/n/12 banu je re-pre-zen-to-van[]a ser-ve-rom, ktor[]y som mu-sel pre
d ka[]zd[]ym tes-tom re[]startovat[],
 []


Underfull \hbox (badness 10000) in paragraph at lines 358--360

 []


Underfull \hbox (badness 10000) in paragraph at lines 361--363

 []

[20]
Overfull \hbox (16.70653pt too wide) in paragraph at lines 370--372
\OT1/ppl/m/n/12 Dokument[]acia ob-sa-huje n[]avod, po-mo-cou ktor[]eho je mo[]z
n[]e na-sta-vit[] za-zna-men[]avanie
 []


Overfull \hbox (8.76202pt too wide) in paragraph at lines 370--372
\OT1/ppl/m/n/12 kon-fi-gura[]cn[]eho s[]uboru sa stal n[]astroj ne-pou[]zitel[]
n[]ym a n[]astroj som mu-sel in[]stalovat[]
 []

[21] <./img/faban1.jpg, id=656, 867.24pt x 385.44pt>
File: ./img/faban1.jpg Graphic file (type jpg)
 <use ./img/faban1.jpg>
Package pdftex.def Info: ./img/faban1.jpg used on input line 417.
(pdftex.def)             Requested size: 414.6463pt x 184.28569pt.

<./img/faban1_distr.jpg, id=657, 867.24pt x 385.44pt>
File: ./img/faban1_distr.jpg Graphic file (type jpg)

<use ./img/faban1_distr.jpg>
Package pdftex.def Info: ./img/faban1_distr.jpg used on input line 423.
(pdftex.def)             Requested size: 414.6463pt x 184.28569pt.
 [22pdfTeX warning (ext4): destination with the same identifier (name{figure.5.
1}) has been already used, duplicate ignored

\AtBegShi@Output ...ipout \box \AtBeginShipoutBox 
                                                  \fi \fi 
l.429 P
       odobne ako v prípade Fabanu všetkých päť iterácií prvého test...
pdfTeX warning (ext4): destination with the same identifier (name{figure.5.2}) 
has been already used, duplicate ignored

\AtBegShi@Output ...ipout \box \AtBeginShipoutBox 
                                                  \fi \fi 
l.429 P
       odobne ako v prípade Fabanu všetkých päť iterácií prvého test...
 <./img/faban1.jpg> <./img/faban1_distr.jpg>]
<./img/gatling1.jpg, id=662, 867.24pt x 385.44pt>
File: ./img/gatling1.jpg Graphic file (type jpg)
 <use ./img/gatling1.jpg>
Package pdftex.def Info: ./img/gatling1.jpg used on input line 461.
(pdftex.def)             Requested size: 414.6463pt x 184.28569pt.

<./img/gatling1_distr.jpg, id=663, 867.24pt x 385.44pt>
File: ./img/gatling1_distr.jpg Graphic file (type jpg)

<use ./img/gatling1_distr.jpg>
Package pdftex.def Info: ./img/gatling1_distr.jpg used on input line 467.
(pdftex.def)             Requested size: 414.6463pt x 184.28569pt.
 [23pdfTeX warning (ext4): destination with the same identifier (name{figure.5.
3}) has been already used, duplicate ignored

\AtBegShi@Output ...ipout \box \AtBeginShipoutBox 
                                                  \fi \fi 
l.470 
       <./img/gatling1.jpg>]

Package hyperref Warning: Composite letter `\textasciicaron+c'
(hyperref)                not defined in PD1 encoding,
(hyperref)                removing `\textasciicaron' on input line 475.

[24pdfTeX warning (ext4): destination with the same identifier (name{figure.5.4
}) has been already used, duplicate ignored

\AtBegShi@Output ...ipout \box \AtBeginShipoutBox 
                                                  \fi \fi 
l.510 \end{itemize}
                    <./img/gatling1_distr.jpg>]
<./img/faban2_1.jpg, id=672, 867.24pt x 385.44pt>
File: ./img/faban2_1.jpg Graphic file (type jpg)
 <use ./img/faban2_1.jpg>
Package pdftex.def Info: ./img/faban2_1.jpg used on input line 514.
(pdftex.def)             Requested size: 414.6463pt x 184.28569pt.

<./img/faban2_1_distr.jpg, id=673, 867.24pt x 385.44pt>
File: ./img/faban2_1_distr.jpg Graphic file (type jpg)

<use ./img/faban2_1_distr.jpg>
Package pdftex.def Info: ./img/faban2_1_distr.jpg used on input line 520.
(pdftex.def)             Requested size: 414.6463pt x 184.28569pt.
 [25pdfTeX warning (ext4): destination with the same identifier (name{figure.5.
5}) has been already used, duplicate ignored

\AtBegShi@Output ...ipout \box \AtBeginShipoutBox 
                                                  \fi \fi 
l.534 
      pdfTeX warning (ext4): destination with the same identifier (name{figure.
5.6}) has been already used, duplicate ignored

\AtBegShi@Output ...ipout \box \AtBeginShipoutBox 
                                                  \fi \fi 
l.534 
       <./img/faban2_1.jpg> <./img/faban2_1_distr.jpg>]
<./img/faban2_2.jpg, id=678, 867.24pt x 385.44pt>
File: ./img/faban2_2.jpg Graphic file (type jpg)
 <use ./img/faban2_2.jpg>
Package pdftex.def Info: ./img/faban2_2.jpg used on input line 555.
(pdftex.def)             Requested size: 414.6463pt x 184.28569pt.

<./img/faban2_2_distr.jpg, id=679, 867.24pt x 385.44pt>
File: ./img/faban2_2_distr.jpg Graphic file (type jpg)

<use ./img/faban2_2_distr.jpg>
Package pdftex.def Info: ./img/faban2_2_distr.jpg used on input line 561.
(pdftex.def)             Requested size: 414.6463pt x 184.28569pt.

Underfull \vbox (badness 10000) has occurred while \output is active []

 [26pdfTeX warning (ext4): destination with the same identifier (name{figure.5.
7}) has been already used, duplicate ignored

\AtBegShi@Output ...ipout \box \AtBeginShipoutBox 
                                                  \fi \fi 
l.564 
       <./img/faban2_2.jpg>] <./img/faban2_3.jpg, id=685, 867.24pt x 385.44pt>
File: ./img/faban2_3.jpg Graphic file (type jpg)

<use ./img/faban2_3.jpg>
Package pdftex.def Info: ./img/faban2_3.jpg used on input line 595.
(pdftex.def)             Requested size: 414.6463pt x 184.28569pt.
 [27pdfTeX warning (ext4): destination with the same identifier (name{figure.5.
8}) has been already used, duplicate ignored

\AtBegShi@Output ...ipout \box \AtBeginShipoutBox 
                                                  \fi \fi 
l.598 
       <./img/faban2_2_distr.jpg>]
<./img/faban2_3_distr.jpg, id=692, 867.24pt x 385.44pt>
File: ./img/faban2_3_distr.jpg Graphic file (type jpg)

<use ./img/faban2_3_distr.jpg>
Package pdftex.def Info: ./img/faban2_3_distr.jpg used on input line 601.
(pdftex.def)             Requested size: 414.6463pt x 184.28569pt.
 [28pdfTeX warning (ext4): destination with the same identifier (name{figure.5.
9}) has been already used, duplicate ignored

\AtBegShi@Output ...ipout \box \AtBeginShipoutBox 
                                                  \fi \fi 
l.620 \item[\textbf{4. iterácia}]
                                  \ \\pdfTeX warning (ext4): destination with t
he same identifier (name{figure.5.10}) has been already used, duplicate ignored


\AtBegShi@Output ...ipout \box \AtBeginShipoutBox 
                                                  \fi \fi 
l.620 \item[\textbf{4. iterácia}]
                                  \ \\ <./img/faban2_3.jpg> <./img/faban2_3_dis
tr.jpg>] <./img/faban2_4.jpg, id=697, 867.24pt x 385.44pt>
File: ./img/faban2_4.jpg Graphic file (type jpg)

<use ./img/faban2_4.jpg>
Package pdftex.def Info: ./img/faban2_4.jpg used on input line 636.
(pdftex.def)             Requested size: 414.6463pt x 184.28569pt.

<./img/faban2_4_distr.jpg, id=698, 867.24pt x 385.44pt>
File: ./img/faban2_4_distr.jpg Graphic file (type jpg)

<use ./img/faban2_4_distr.jpg>
Package pdftex.def Info: ./img/faban2_4_distr.jpg used on input line 642.
(pdftex.def)             Requested size: 414.6463pt x 184.28569pt.

Underfull \vbox (badness 10000) has occurred while \output is active []

 [29pdfTeX warning (ext4): destination with the same identifier (name{figure.5.
11}) has been already used, duplicate ignored

\AtBegShi@Output ...ipout \box \AtBeginShipoutBox 
                                                  \fi \fi 
l.645 
       <./img/faban2_4.jpg>] <./img/faban2_5.jpg, id=704, 867.24pt x 385.44pt>
File: ./img/faban2_5.jpg Graphic file (type jpg)

<use ./img/faban2_5.jpg>
Package pdftex.def Info: ./img/faban2_5.jpg used on input line 676.
(pdftex.def)             Requested size: 414.6463pt x 184.28569pt.

Underfull \vbox (badness 5245) has occurred while \output is active []

 [30pdfTeX warning (ext4): destination with the same identifier (name{figure.5.
12}) has been already used, duplicate ignored

\AtBegShi@Output ...ipout \box \AtBeginShipoutBox 
                                                  \fi \fi 
l.679 
       <./img/faban2_4_distr.jpg>]
<./img/faban2_5_distr.jpg, id=709, 867.24pt x 385.44pt>
File: ./img/faban2_5_distr.jpg Graphic file (type jpg)

<use ./img/faban2_5_distr.jpg>
Package pdftex.def Info: ./img/faban2_5_distr.jpg used on input line 682.
(pdftex.def)             Requested size: 414.6463pt x 184.28569pt.
 [31pdfTeX warning (ext4): destination with the same identifier (name{figure.5.
13}) has been already used, duplicate ignored

\AtBegShi@Output ...ipout \box \AtBeginShipoutBox 
                                                  \fi \fi 
l.688 
      pdfTeX warning (ext4): destination with the same identifier (name{figure.
5.14}) has been already used, duplicate ignored

\AtBegShi@Output ...ipout \box \AtBeginShipoutBox 
                                                  \fi \fi 
l.688 
       <./img/faban2_5.jpg> <./img/faban2_5_distr.jpg>]
<./img/gatling2_1.jpg, id=714, 867.24pt x 385.44pt>
File: ./img/gatling2_1.jpg Graphic file (type jpg)
 <use ./img/gatling2_1.jpg>
Package pdftex.def Info: ./img/gatling2_1.jpg used on input line 724.
(pdftex.def)             Requested size: 414.6463pt x 184.28569pt.

<./img/gatling2_1_distr.jpg, id=715, 867.24pt x 385.44pt>
File: ./img/gatling2_1_distr.jpg Graphic file (type jpg)

<use ./img/gatling2_1_distr.jpg>
Package pdftex.def Info: ./img/gatling2_1_distr.jpg used on input line 730.
(pdftex.def)             Requested size: 414.6463pt x 184.28569pt.
 [32pdfTeX warning (ext4): destination with the same identifier (name{figure.5.
15}) has been already used, duplicate ignored

\AtBegShi@Output ...ipout \box \AtBeginShipoutBox 
                                                  \fi \fi 
l.733 
       <./img/gatling2_1.jpg>]
<./img/gatling2_2.jpg, id=720, 867.24pt x 385.44pt>
File: ./img/gatling2_2.jpg Graphic file (type jpg)
 <use ./img/gatling2_2.jpg>
Package pdftex.def Info: ./img/gatling2_2.jpg used on input line 765.
(pdftex.def)             Requested size: 414.6463pt x 184.28569pt.

Underfull \vbox (badness 2894) has occurred while \output is active []

 [33pdfTeX warning (ext4): destination with the same identifier (name{figure.5.
16}) has been already used, duplicate ignored

\AtBegShi@Output ...ipout \box \AtBeginShipoutBox 
                                                  \fi \fi 
l.768 
       <./img/gatling2_1_distr.jpg>]
<./img/gatling2_2_distr.jpg, id=726, 867.24pt x 385.44pt>
File: ./img/gatling2_2_distr.jpg Graphic file (type jpg)

<use ./img/gatling2_2_distr.jpg>
Package pdftex.def Info: ./img/gatling2_2_distr.jpg used on input line 771.
(pdftex.def)             Requested size: 414.6463pt x 184.28569pt.
 [34pdfTeX warning (ext4): destination with the same identifier (name{figure.5.
17}) has been already used, duplicate ignored

\AtBegShi@Output ...ipout \box \AtBeginShipoutBox 
                                                  \fi \fi 
l.790 \item[\textbf{4. iterácia}]
                                  \ \\pdfTeX warning (ext4): destination with t
he same identifier (name{figure.5.18}) has been already used, duplicate ignored


\AtBegShi@Output ...ipout \box \AtBeginShipoutBox 
                                                  \fi \fi 
l.790 \item[\textbf{4. iterácia}]
                                  \ \\ <./img/gatling2_2.jpg> <./img/gatling2_2
_distr.jpg>] <./img/gatling2_3.jpg, id=731, 867.24pt x 385.44pt>
File: ./img/gatling2_3.jpg Graphic file (type jpg)

<use ./img/gatling2_3.jpg>
Package pdftex.def Info: ./img/gatling2_3.jpg used on input line 806.
(pdftex.def)             Requested size: 414.6463pt x 184.28569pt.

<./img/gatling2_3_distr.jpg, id=732, 867.24pt x 385.44pt>
File: ./img/gatling2_3_distr.jpg Graphic file (type jpg)

<use ./img/gatling2_3_distr.jpg>
Package pdftex.def Info: ./img/gatling2_3_distr.jpg used on input line 812.
(pdftex.def)             Requested size: 414.6463pt x 184.28569pt.

Underfull \vbox (badness 10000) has occurred while \output is active []

 [35pdfTeX warning (ext4): destination with the same identifier (name{figure.5.
19}) has been already used, duplicate ignored

\AtBegShi@Output ...ipout \box \AtBeginShipoutBox 
                                                  \fi \fi 
l.815 
       <./img/gatling2_3.jpg>]
<./img/gatling2_4.jpg, id=737, 867.24pt x 385.44pt>
File: ./img/gatling2_4.jpg Graphic file (type jpg)
 <use ./img/gatling2_4.jpg>
Package pdftex.def Info: ./img/gatling2_4.jpg used on input line 847.
(pdftex.def)             Requested size: 414.6463pt x 184.28569pt.

Underfull \vbox (badness 2894) has occurred while \output is active []

 [36pdfTeX warning (ext4): destination with the same identifier (name{figure.5.
20}) has been already used, duplicate ignored

\AtBegShi@Output ...ipout \box \AtBeginShipoutBox 
                                                  \fi \fi 
l.850 
       <./img/gatling2_3_distr.jpg>]
<./img/gatling2_4_distr.jpg, id=742, 867.24pt x 385.44pt>
File: ./img/gatling2_4_distr.jpg Graphic file (type jpg)

<use ./img/gatling2_4_distr.jpg>
Package pdftex.def Info: ./img/gatling2_4_distr.jpg used on input line 853.
(pdftex.def)             Requested size: 414.6463pt x 184.28569pt.
 [37pdfTeX warning (ext4): destination with the same identifier (name{figure.5.
21}) has been already used, duplicate ignored

\AtBegShi@Output ...ipout \box \AtBeginShipoutBox 
                                                  \fi \fi 
l.872 \item[\textbf{4. iterácia}]
                                  \ \\pdfTeX warning (ext4): destination with t
he same identifier (name{figure.5.22}) has been already used, duplicate ignored


\AtBegShi@Output ...ipout \box \AtBeginShipoutBox 
                                                  \fi \fi 
l.872 \item[\textbf{4. iterácia}]
                                  \ \\ <./img/gatling2_4.jpg> <./img/gatling2_4
_distr.jpg>] <./img/gatling2_5.jpg, id=747, 867.24pt x 385.44pt>
File: ./img/gatling2_5.jpg Graphic file (type jpg)

<use ./img/gatling2_5.jpg>
Package pdftex.def Info: ./img/gatling2_5.jpg used on input line 888.
(pdftex.def)             Requested size: 414.6463pt x 184.28569pt.

<./img/gatling2_5_distr.jpg, id=748, 867.24pt x 385.44pt>
File: ./img/gatling2_5_distr.jpg Graphic file (type jpg)

<use ./img/gatling2_5_distr.jpg>
Package pdftex.def Info: ./img/gatling2_5_distr.jpg used on input line 894.
(pdftex.def)             Requested size: 414.6463pt x 184.28569pt.

Underfull \vbox (badness 10000) has occurred while \output is active []

 [38pdfTeX warning (ext4): destination with the same identifier (name{figure.5.
23}) has been already used, duplicate ignored

\AtBegShi@Output ...ipout \box \AtBeginShipoutBox 
                                                  \fi \fi 
l.897 
       <./img/gatling2_5.jpg>]

Package hyperref Warning: Composite letter `\textasciicaron+l'
(hyperref)                not defined in PD1 encoding,
(hyperref)                removing `\textasciicaron' on input line 902.


Package hyperref Warning: Composite letter `\textasciicaron+t'
(hyperref)                not defined in PD1 encoding,
(hyperref)                removing `\textasciicaron' on input line 902.

[39pdfTeX warning (ext4): destination with the same identifier (name{figure.5.2
4}) has been already used, duplicate ignored

\AtBegShi@Output ...ipout \box \AtBeginShipoutBox 
                                                  \fi \fi 
l.937 \end{itemize}
                    <./img/gatling2_5_distr.jpg>]
<./img/faban3_1.jpg, id=758, 867.24pt x 385.44pt>
File: ./img/faban3_1.jpg Graphic file (type jpg)
 <use ./img/faban3_1.jpg>
Package pdftex.def Info: ./img/faban3_1.jpg used on input line 941.
(pdftex.def)             Requested size: 414.6463pt x 184.28569pt.

<./img/faban3_1_distr.jpg, id=759, 867.24pt x 385.44pt>
File: ./img/faban3_1_distr.jpg Graphic file (type jpg)

<use ./img/faban3_1_distr.jpg>
Package pdftex.def Info: ./img/faban3_1_distr.jpg used on input line 947.
(pdftex.def)             Requested size: 414.6463pt x 184.28569pt.
 [40pdfTeX warning (ext4): destination with the same identifier (name{figure.5.
25}) has been already used, duplicate ignored

\AtBegShi@Output ...ipout \box \AtBeginShipoutBox 
                                                  \fi \fi 
l.961 \item[\textbf{3. iterácia}]
                                  \ \\pdfTeX warning (ext4): destination with t
he same identifier (name{figure.5.26}) has been already used, duplicate ignored


\AtBegShi@Output ...ipout \box \AtBeginShipoutBox 
                                                  \fi \fi 
l.961 \item[\textbf{3. iterácia}]
                                  \ \\ <./img/faban3_1.jpg> <./img/faban3_1_dis
tr.jpg>] <./img/faban3_2.jpg, id=766, 867.24pt x 385.44pt>
File: ./img/faban3_2.jpg Graphic file (type jpg)

<use ./img/faban3_2.jpg>
Package pdftex.def Info: ./img/faban3_2.jpg used on input line 980.
(pdftex.def)             Requested size: 414.6463pt x 184.28569pt.

<./img/faban3_2_distr.jpg, id=767, 867.24pt x 385.44pt>
File: ./img/faban3_2_distr.jpg Graphic file (type jpg)

<use ./img/faban3_2_distr.jpg>
Package pdftex.def Info: ./img/faban3_2_distr.jpg used on input line 986.
(pdftex.def)             Requested size: 414.6463pt x 184.28569pt.

Underfull \vbox (badness 10000) has occurred while \output is active []

 [41pdfTeX warning (ext4): destination with the same identifier (name{figure.5.
27}) has been already used, duplicate ignored

\AtBegShi@Output ...ipout \box \AtBeginShipoutBox 
                                                  \fi \fi 
l.989 
       <./img/faban3_2.jpg>] <./img/faban3_3.jpg, id=774, 867.24pt x 385.44pt>
File: ./img/faban3_3.jpg Graphic file (type jpg)

<use ./img/faban3_3.jpg>
Package pdftex.def Info: ./img/faban3_3.jpg used on input line 1019.
(pdftex.def)             Requested size: 414.6463pt x 184.28569pt.

Underfull \vbox (badness 10000) has occurred while \output is active []

 [42pdfTeX warning (ext4): destination with the same identifier (name{figure.5.
28}) has been already used, duplicate ignored

\AtBegShi@Output ...ipout \box \AtBeginShipoutBox 
                                                  \fi \fi 
l.1022 
        <./img/faban3_2_distr.jpg>]
<./img/faban3_3_distr.jpg, id=779, 867.24pt x 385.44pt>
File: ./img/faban3_3_distr.jpg Graphic file (type jpg)

<use ./img/faban3_3_distr.jpg>
Package pdftex.def Info: ./img/faban3_3_distr.jpg used on input line 1025.
(pdftex.def)             Requested size: 414.6463pt x 184.28569pt.
 [43pdfTeX warning (ext4): destination with the same identifier (name{figure.5.
29}) has been already used, duplicate ignored

\AtBegShi@Output ...ipout \box \AtBeginShipoutBox 
                                                  \fi \fi 
l.1044 \item[\textbf{4. iterácia}]
                                   \ \\pdfTeX warning (ext4): destination with 
the same identifier (name{figure.5.30}) has been already used, duplicate ignore
d

\AtBegShi@Output ...ipout \box \AtBeginShipoutBox 
                                                  \fi \fi 
l.1044 \item[\textbf{4. iterácia}]
                                   \ \\ <./img/faban3_3.jpg> <./img/faban3_3_di
str.jpg>] <./img/faban3_4.jpg, id=785, 867.24pt x 385.44pt>
File: ./img/faban3_4.jpg Graphic file (type jpg)

<use ./img/faban3_4.jpg>
Package pdftex.def Info: ./img/faban3_4.jpg used on input line 1059.
(pdftex.def)             Requested size: 414.6463pt x 184.28569pt.

<./img/faban3_4_distr.jpg, id=786, 867.24pt x 385.44pt>
File: ./img/faban3_4_distr.jpg Graphic file (type jpg)

<use ./img/faban3_4_distr.jpg>
Package pdftex.def Info: ./img/faban3_4_distr.jpg used on input line 1065.
(pdftex.def)             Requested size: 414.6463pt x 184.28569pt.

Underfull \vbox (badness 10000) has occurred while \output is active []

 [44pdfTeX warning (ext4): destination with the same identifier (name{figure.5.
31}) has been already used, duplicate ignored

\AtBegShi@Output ...ipout \box \AtBeginShipoutBox 
                                                  \fi \fi 
l.1068 
        <./img/faban3_4.jpg>]
<./img/faban3_5.jpg, id=792, 867.24pt x 385.44pt>
File: ./img/faban3_5.jpg Graphic file (type jpg)
 <use ./img/faban3_5.jpg>
Package pdftex.def Info: ./img/faban3_5.jpg used on input line 1099.
(pdftex.def)             Requested size: 414.6463pt x 184.28569pt.

Underfull \vbox (badness 5245) has occurred while \output is active []

 [45pdfTeX warning (ext4): destination with the same identifier (name{figure.5.
32}) has been already used, duplicate ignored

\AtBegShi@Output ...ipout \box \AtBeginShipoutBox 
                                                  \fi \fi 
l.1102 
        <./img/faban3_4_distr.jpg>]
<./img/faban3_5_distr.jpg, id=798, 867.24pt x 385.44pt>
File: ./img/faban3_5_distr.jpg Graphic file (type jpg)

<use ./img/faban3_5_distr.jpg>
Package pdftex.def Info: ./img/faban3_5_distr.jpg used on input line 1105.
(pdftex.def)             Requested size: 414.6463pt x 184.28569pt.
 [46pdfTeX warning (ext4): destination with the same identifier (name{figure.5.
33}) has been already used, duplicate ignored

\AtBegShi@Output ...ipout \box \AtBeginShipoutBox 
                                                  \fi \fi 
l.1126 
       pdfTeX warning (ext4): destination with the same identifier (name{figure
.5.34}) has been already used, duplicate ignored

\AtBegShi@Output ...ipout \box \AtBeginShipoutBox 
                                                  \fi \fi 
l.1126 
        <./img/faban3_5.jpg> <./img/faban3_5_distr.jpg>]
<./img/gatling3_1.jpg, id=803, 867.24pt x 385.44pt>
File: ./img/gatling3_1.jpg Graphic file (type jpg)
 <use ./img/gatling3_1.jpg>
Package pdftex.def Info: ./img/gatling3_1.jpg used on input line 1143.
(pdftex.def)             Requested size: 414.6463pt x 184.28569pt.

<./img/gatling3_1_distr.jpg, id=804, 867.24pt x 385.44pt>
File: ./img/gatling3_1_distr.jpg Graphic file (type jpg)

<use ./img/gatling3_1_distr.jpg>
Package pdftex.def Info: ./img/gatling3_1_distr.jpg used on input line 1149.
(pdftex.def)             Requested size: 414.6463pt x 184.28569pt.

Underfull \vbox (badness 10000) has occurred while \output is active []

 [47pdfTeX warning (ext4): destination with the same identifier (name{figure.5.
35}) has been already used, duplicate ignored

\AtBegShi@Output ...ipout \box \AtBeginShipoutBox 
                                                  \fi \fi 
l.1152 
        <./img/gatling3_1.jpg>]
<./img/gatling3_2.jpg, id=810, 867.24pt x 385.44pt>
File: ./img/gatling3_2.jpg Graphic file (type jpg)
 <use ./img/gatling3_2.jpg>
Package pdftex.def Info: ./img/gatling3_2.jpg used on input line 1184.
(pdftex.def)             Requested size: 414.6463pt x 184.28569pt.

Underfull \vbox (badness 2894) has occurred while \output is active []

 [48pdfTeX warning (ext4): destination with the same identifier (name{figure.5.
36}) has been already used, duplicate ignored

\AtBegShi@Output ...ipout \box \AtBeginShipoutBox 
                                                  \fi \fi 
l.1187 
        <./img/gatling3_1_distr.jpg>]
<./img/gatling3_2_distr.jpg, id=815, 867.24pt x 385.44pt>
File: ./img/gatling3_2_distr.jpg Graphic file (type jpg)

<use ./img/gatling3_2_distr.jpg>
Package pdftex.def Info: ./img/gatling3_2_distr.jpg used on input line 1190.
(pdftex.def)             Requested size: 414.6463pt x 184.28569pt.
 [49pdfTeX warning (ext4): destination with the same identifier (name{figure.5.
37}) has been already used, duplicate ignored

\AtBegShi@Output ...ipout \box \AtBeginShipoutBox 
                                                  \fi \fi 
l.1209 \item[\textbf{4. iterácia}]
                                   \ \\pdfTeX warning (ext4): destination with 
the same identifier (name{figure.5.38}) has been already used, duplicate ignore
d

\AtBegShi@Output ...ipout \box \AtBeginShipoutBox 
                                                  \fi \fi 
l.1209 \item[\textbf{4. iterácia}]
                                   \ \\ <./img/gatling3_2.jpg> <./img/gatling3_
2_distr.jpg>] <./img/gatling3_3.jpg, id=820, 867.24pt x 385.44pt>
File: ./img/gatling3_3.jpg Graphic file (type jpg)

<use ./img/gatling3_3.jpg>
Package pdftex.def Info: ./img/gatling3_3.jpg used on input line 1225.
(pdftex.def)             Requested size: 414.6463pt x 184.28569pt.

<./img/gatling3_3_distr.jpg, id=821, 867.24pt x 385.44pt>
File: ./img/gatling3_3_distr.jpg Graphic file (type jpg)

<use ./img/gatling3_3_distr.jpg>
Package pdftex.def Info: ./img/gatling3_3_distr.jpg used on input line 1231.
(pdftex.def)             Requested size: 414.6463pt x 184.28569pt.

Underfull \vbox (badness 10000) has occurred while \output is active []

 [50pdfTeX warning (ext4): destination with the same identifier (name{figure.5.
39}) has been already used, duplicate ignored

\AtBegShi@Output ...ipout \box \AtBeginShipoutBox 
                                                  \fi \fi 
l.1234 
        <./img/gatling3_3.jpg>]
<./img/gatling3_4.jpg, id=826, 867.24pt x 385.44pt>
File: ./img/gatling3_4.jpg Graphic file (type jpg)
 <use ./img/gatling3_4.jpg>
Package pdftex.def Info: ./img/gatling3_4.jpg used on input line 1266.
(pdftex.def)             Requested size: 414.6463pt x 184.28569pt.

Underfull \vbox (badness 2894) has occurred while \output is active []

 [51pdfTeX warning (ext4): destination with the same identifier (name{figure.5.
40}) has been already used, duplicate ignored

\AtBegShi@Output ...ipout \box \AtBeginShipoutBox 
                                                  \fi \fi 
l.1269 
        <./img/gatling3_3_distr.jpg>]
<./img/gatling3_4_distr.jpg, id=832, 867.24pt x 385.44pt>
File: ./img/gatling3_4_distr.jpg Graphic file (type jpg)

<use ./img/gatling3_4_distr.jpg>
Package pdftex.def Info: ./img/gatling3_4_distr.jpg used on input line 1272.
(pdftex.def)             Requested size: 414.6463pt x 184.28569pt.
 [52pdfTeX warning (ext4): destination with the same identifier (name{figure.5.
41}) has been already used, duplicate ignored

\AtBegShi@Output ...ipout \box \AtBeginShipoutBox 
                                                  \fi \fi 
l.1291 \item[\textbf{4. iterácia}]
                                   \ \\pdfTeX warning (ext4): destination with 
the same identifier (name{figure.5.42}) has been already used, duplicate ignore
d

\AtBegShi@Output ...ipout \box \AtBeginShipoutBox 
                                                  \fi \fi 
l.1291 \item[\textbf{4. iterácia}]
                                   \ \\ <./img/gatling3_4.jpg> <./img/gatling3_
4_distr.jpg>] <./img/gatling3_5.jpg, id=837, 867.24pt x 385.44pt>
File: ./img/gatling3_5.jpg Graphic file (type jpg)

<use ./img/gatling3_5.jpg>
Package pdftex.def Info: ./img/gatling3_5.jpg used on input line 1307.
(pdftex.def)             Requested size: 414.6463pt x 184.28569pt.

<./img/gatling3_5_distr.jpg, id=838, 867.24pt x 385.44pt>
File: ./img/gatling3_5_distr.jpg Graphic file (type jpg)

<use ./img/gatling3_5_distr.jpg>
Package pdftex.def Info: ./img/gatling3_5_distr.jpg used on input line 1313.
(pdftex.def)             Requested size: 414.6463pt x 184.28569pt.

Underfull \vbox (badness 10000) has occurred while \output is active []

 [53pdfTeX warning (ext4): destination with the same identifier (name{figure.5.
43}) has been already used, duplicate ignored

\AtBegShi@Output ...ipout \box \AtBeginShipoutBox 
                                                  \fi \fi 
l.1316 
        <./img/gatling3_5.jpg>]
Overfull \hbox (16.23816pt too wide) in paragraph at lines 1335--1336
\OT1/ppl/m/n/12 "User NULL" nazna[]cuj[]uca, []ze nie je mo[]zn[]e iden-ti-fi-k
o-vat[] u[]z[]^^Pvatel[]a, po-mo-cou ktor[]eho
 []

[54pdfTeX warning (ext4): destination with the same identifier (name{figure.5.4
4}) has been already used, duplicate ignored

\AtBegShi@Output ...ipout \box \AtBeginShipoutBox 
                                                  \fi \fi 
l.1346 
        <./img/gatling3_5_distr.jpg>]
<./img/perfcake4.jpg, id=850, 867.24pt x 385.44pt>
File: ./img/perfcake4.jpg Graphic file (type jpg)
 <use ./img/perfcake4.jpg>
Package pdftex.def Info: ./img/perfcake4.jpg used on input line 1371.
(pdftex.def)             Requested size: 414.6463pt x 184.28569pt.

<./img/perfcake4_distr.jpg, id=851, 867.24pt x 385.44pt>
File: ./img/perfcake4_distr.jpg Graphic file (type jpg)

<use ./img/perfcake4_distr.jpg>
Package pdftex.def Info: ./img/perfcake4_distr.jpg used on input line 1377.
(pdftex.def)             Requested size: 414.6463pt x 184.28569pt.

Underfull \vbox (badness 10000) has occurred while \output is active []

 [55pdfTeX warning (ext4): destination with the same identifier (name{figure.5.
45}) has been already used, duplicate ignored

\AtBegShi@Output ...ipout \box \AtBeginShipoutBox 
                                                  \fi \fi 
l.1380 
        <./img/perfcake4.jpg>] <./img/faban5.jpg, id=857, 867.24pt x 385.44pt>
File: ./img/faban5.jpg Graphic file (type jpg)

<use ./img/faban5.jpg>
Package pdftex.def Info: ./img/faban5.jpg used on input line 1420.
(pdftex.def)             Requested size: 414.6463pt x 184.28569pt.
 [56pdfTeX warning (ext4): destination with the same identifier (name{figure.5.
46}) has been already used, duplicate ignored

\AtBegShi@Output ...ipout \box \AtBeginShipoutBox 
                                                  \fi \fi 
l.1423 
        <./img/perfcake4_distr.jpg>]
<./img/faban5_distr.jpg, id=862, 867.24pt x 385.44pt>
File: ./img/faban5_distr.jpg Graphic file (type jpg)

<use ./img/faban5_distr.jpg>
Package pdftex.def Info: ./img/faban5_distr.jpg used on input line 1426.
(pdftex.def)             Requested size: 414.6463pt x 184.28569pt.
 [57pdfTeX warning (ext4): destination with the same identifier (name{figure.5.
47}) has been already used, duplicate ignored

\AtBegShi@Output ...ipout \box \AtBeginShipoutBox 
                                                  \fi \fi 
l.1448 \item[\textbf{4. iterácia}]
                                   \ \\pdfTeX warning (ext4): destination with 
the same identifier (name{figure.5.48}) has been already used, duplicate ignore
d

\AtBegShi@Output ...ipout \box \AtBeginShipoutBox 
                                                  \fi \fi 
l.1448 \item[\textbf{4. iterácia}]
                                   \ \\ <./img/faban5.jpg> <./img/faban5_distr.
jpg>] <./img/gatling5.jpg, id=868, 867.24pt x 385.44pt>
File: ./img/gatling5.jpg Graphic file (type jpg)

<use ./img/gatling5.jpg>
Package pdftex.def Info: ./img/gatling5.jpg used on input line 1464.
(pdftex.def)             Requested size: 414.6463pt x 184.28569pt.

<./img/gatling5_distr.jpg, id=869, 867.24pt x 385.44pt>
File: ./img/gatling5_distr.jpg Graphic file (type jpg)

<use ./img/gatling5_distr.jpg>
Package pdftex.def Info: ./img/gatling5_distr.jpg used on input line 1470.
(pdftex.def)             Requested size: 414.6463pt x 184.28569pt.

Underfull \vbox (badness 10000) has occurred while \output is active []

 [58pdfTeX warning (ext4): destination with the same identifier (name{figure.5.
49}) has been already used, duplicate ignored

\AtBegShi@Output ...ipout \box \AtBeginShipoutBox 
                                                  \fi \fi 
l.1473 
        <./img/gatling5.jpg>]
<./img/faban6_no_leak.jpg, id=874, 867.24pt x 385.44pt>
File: ./img/faban6_no_leak.jpg Graphic file (type jpg)

<use ./img/faban6_no_leak.jpg>
Package pdftex.def Info: ./img/faban6_no_leak.jpg used on input line 1510.
(pdftex.def)             Requested size: 414.6463pt x 184.28569pt.
 [59pdfTeX warning (ext4): destination with the same identifier (name{figure.5.
50}) has been already used, duplicate ignored

\AtBegShi@Output ...ipout \box \AtBeginShipoutBox 
                                                  \fi \fi 
l.1513 
        <./img/gatling5_distr.jpg>]
<./img/faban6_leak.jpg, id=879, 867.24pt x 385.44pt>
File: ./img/faban6_leak.jpg Graphic file (type jpg)

<use ./img/faban6_leak.jpg>
Package pdftex.def Info: ./img/faban6_leak.jpg used on input line 1537.
(pdftex.def)             Requested size: 414.6463pt x 184.28569pt.

Underfull \vbox (badness 10000) has occurred while \output is active []

 [60pdfTeX warning (ext4): destination with the same identifier (name{figure.5.
51}) has been already used, duplicate ignored

\AtBegShi@Output ...ipout \box \AtBeginShipoutBox 
                                                  \fi \fi 
l.1540 
        <./img/faban6_no_leak.jpg>] [61pdfTeX warning (ext4): destination with 
the same identifier (name{figure.5.52}) has been already used, duplicate ignore
d

\AtBegShi@Output ...ipout \box \AtBeginShipoutBox 
                                                  \fi \fi 
l.1581 \end{itemize}
                     <./img/faban6_leak.jpg>]
<./img/faban7.jpg, id=888, 867.24pt x 385.44pt>
File: ./img/faban7.jpg Graphic file (type jpg)
 <use ./img/faban7.jpg>
Package pdftex.def Info: ./img/faban7.jpg used on input line 1585.
(pdftex.def)             Requested size: 414.6463pt x 184.28569pt.

<./img/faban7_distr.jpg, id=889, 867.24pt x 385.44pt>
File: ./img/faban7_distr.jpg Graphic file (type jpg)

<use ./img/faban7_distr.jpg>
Package pdftex.def Info: ./img/faban7_distr.jpg used on input line 1591.
(pdftex.def)             Requested size: 414.6463pt x 184.28569pt.
 [62pdfTeX warning (ext4): destination with the same identifier (name{figure.5.
53}) has been already used, duplicate ignored

\AtBegShi@Output ...ipout \box \AtBeginShipoutBox 
                                                  \fi \fi 
l.1610 
       pdfTeX warning (ext4): destination with the same identifier (name{figure
.5.54}) has been already used, duplicate ignored

\AtBegShi@Output ...ipout \box \AtBeginShipoutBox 
                                                  \fi \fi 
l.1610 
        <./img/faban7.jpg> <./img/faban7_distr.jpg>]
<./img/gatling7.jpg, id=894, 867.24pt x 385.44pt>
File: ./img/gatling7.jpg Graphic file (type jpg)
 <use ./img/gatling7.jpg>
Package pdftex.def Info: ./img/gatling7.jpg used on input line 1631.
(pdftex.def)             Requested size: 414.6463pt x 184.28569pt.

<./img/gatling7_distr.jpg, id=895, 867.24pt x 385.44pt>
File: ./img/gatling7_distr.jpg Graphic file (type jpg)

<use ./img/gatling7_distr.jpg>
Package pdftex.def Info: ./img/gatling7_distr.jpg used on input line 1637.
(pdftex.def)             Requested size: 414.6463pt x 184.28569pt.

Underfull \vbox (badness 10000) has occurred while \output is active []

 [63pdfTeX warning (ext4): destination with the same identifier (name{figure.5.
55}) has been already used, duplicate ignored

\AtBegShi@Output ...ipout \box \AtBeginShipoutBox 
                                                  \fi \fi 
l.1640 
        <./img/gatling7.jpg>] [64pdfTeX warning (ext4): destination with the sa
me identifier (name{figure.5.56}) has been already used, duplicate ignored

\AtBegShi@Output ...ipout \box \AtBeginShipoutBox 
                                                  \fi \fi 
l.1647 \chapter
               {Záver} <./img/gatling7_distr.jpg>]
Kapitola 6.

Overfull \hbox (1.67pt too wide) in paragraph at lines 1660--1662
\OT1/ppl/m/n/12 mieste. Do-ku-ment[]acia oboch n[]astrojov do-sta[]covala k rie
[]seniu v[]setk[]ych probl[]emov
 []


Overfull \hbox (16.52617pt too wide) in paragraph at lines 1666--1668
\OT1/ppl/m/n/12 r[]ychlej[]sia cesta. Naj-hor[]sie skon[]cil Fa-ban, v kto-rom 
nie je mo[]zn[]e zme-nit[] v[]ychodiskov[]y
 []

[65

]
Underfull \hbox (badness 10000) in paragraph at lines 1672--1673

 []


Underfull \hbox (badness 10000) in paragraph at lines 1675--1676

 []


Underfull \hbox (badness 10000) in paragraph at lines 1678--1679

 []


Underfull \hbox (badness 10000) in paragraph at lines 1681--1682

 []


Underfull \hbox (badness 10000) in paragraph at lines 1684--1685

 []


Overfull \hbox (1.92296pt too wide) in paragraph at lines 1687--1689
\OT1/ppl/m/n/12 ka-teg[]ori[]^^P. T[]ym z[]^^Pskam prie-mern[]u zn[]amku a na j
ej z[]aklade ur[]cujem naj-lep[]s[]^^P n[]astroj. 
 []


LaTeX Warning: `!h' float specifier changed to `!ht'.


Underfull \hbox (badness 10000) in paragraph at lines 1717--1720

 []


Underfull \hbox (badness 10000) in paragraph at lines 1723--1724

 []


Underfull \hbox (badness 10000) in paragraph at lines 1729--1730

 []

[66]
Underfull \hbox (badness 10000) in paragraph at lines 1732--1735

 []


Underfull \hbox (badness 10000) in paragraph at lines 1738--1739

 []

[67pdfTeX warning (ext4): destination with the same identifier (name{table.6.1}
) has been already used, duplicate ignored

\AtBegShi@Output ...ipout \box \AtBeginShipoutBox 
                                                  \fi \fi 
l.1741 \newpage
               ]
Underfull \hbox (badness 10000) in paragraph at lines 1746--1747

 []


Underfull \hbox (badness 10000) in paragraph at lines 1749--1752

 []


Underfull \hbox (badness 10000) in paragraph at lines 1762--1763

 []


Underfull \hbox (badness 10000) in paragraph at lines 1766--1769

 []


Underfull \hbox (badness 10000) in paragraph at lines 1778--1779

 []

(./bp.bbl [68]
Underfull \hbox (badness 10000) in paragraph at lines 4--9
\OT1/pcr/m/n/12 com / feature / Computing-[]power-[]capacity-[]on-[]demand$[][]
\OT1/ppl/m/n/12 .  Nav[]st[]^^Pven[]e:
 []

) [69

]
Dodatok A.
Package atveryend Info: Empty hook `BeforeClearDocument' on input line 1825.
[70

]
Package atveryend Info: Empty hook `AfterLastShipout' on input line 1825.
 (./bp.aux)
Package atveryend Info: Executing hook `AtVeryEndDocument' on input line 1825.
Package atveryend Info: Executing hook `AtEndAfterFileList' on input line 1825.

Package rerunfilecheck Info: File `bp.out' has not changed.
(rerunfilecheck)             Checksum: 08C0FAD4BF21F7A739A99FBCCFBC5DB4;3955.
Package atveryend Info: Empty hook `AtVeryVeryEnd' on input line 1825.
 ) 
Here is how much of TeX's memory you used:
 6968 strings out of 493304
 101951 string characters out of 6139871
 197771 words of memory out of 5000000
 10031 multiletter control sequences out of 15000+600000
 19688 words of font info for 50 fonts, out of 8000000 for 9000
 957 hyphenation exceptions out of 8191
 34i,9n,31p,1343b,468s stack positions out of 5000i,500n,10000p,200000b,80000s
{/usr/share/texlive/texmf-dist/fonts/enc/dvips/base/8r.enc} <./fi-logo.514pk>
</usr/share/texlive/texmf-dist/fonts/type1/public/amsfonts/cm/cmsy10.pfb></usr/
share/texlive/texmf-dist/fonts/type1/urw/courier/ucrr8a.pfb></usr/share/texlive
/texmf-dist/fonts/type1/urw/palatino/uplb8a.pfb></usr/share/texlive/texmf-dist/
fonts/type1/urw/palatino/uplr8a.pfb></usr/share/texlive/texmf-dist/fonts/type1/
urw/palatino/uplr8a.pfb></usr/share/texlive/texmf-dist/fonts/type1/urw/palatino
/uplri8a.pfb>
Output written on bp.pdf (80 pages, 1717698 bytes).
PDF statistics:
 1074 PDF objects out of 1200 (max. 8388607)
 869 compressed objects within 9 object streams
 227 named destinations out of 1000 (max. 500000)
 729 words of extra memory for PDF output out of 10000 (max. 10000000)

