\BOOKMARK [0][-]{chapter.1}{\332vod}{}% 1
\BOOKMARK [0][-]{chapter.2}{Testy v\375konu}{}% 2
\BOOKMARK [1][-]{section.2.1}{ Z\341kladn\351 testy}{chapter.2}% 3
\BOOKMARK [1][-]{section.2.2}{ Z\341ta\236ov\351 testy}{chapter.2}% 4
\BOOKMARK [1][-]{section.2.3}{ Stresov\351 testy}{chapter.2}% 5
\BOOKMARK [1][-]{section.2.4}{ Testy vytrvalosti}{chapter.2}% 6
\BOOKMARK [1][-]{section.2.5}{ Testy \235picky}{chapter.2}% 7
\BOOKMARK [1][-]{section.2.6}{ Konfiguracn\351 testy}{chapter.2}% 8
\BOOKMARK [1][-]{section.2.7}{ Izolacn\351 testy}{chapter.2}% 9
\BOOKMARK [0][-]{chapter.3}{Metodika porovn\341vania n\341strojov}{}% 10
\BOOKMARK [0][-]{chapter.4}{N\341stroje}{}% 11
\BOOKMARK [1][-]{section.4.1}{ Apache JMeter}{chapter.4}% 12
\BOOKMARK [2][-]{subsection.4.1.1}{ In\235tal\341cia}{section.4.1}% 13
\BOOKMARK [2][-]{subsection.4.1.2}{ Pou\236\355vanie}{section.4.1}% 14
\BOOKMARK [2][-]{subsection.4.1.3}{ Dokument\341cia}{section.4.1}% 15
\BOOKMARK [2][-]{subsection.4.1.4}{ Pou\236itelnost vo v\375vojovom prostred\355}{section.4.1}% 16
\BOOKMARK [2][-]{subsection.4.1.5}{ Generovanie reportov}{section.4.1}% 17
\BOOKMARK [1][-]{section.4.2}{ Perfcake}{chapter.4}% 18
\BOOKMARK [2][-]{subsection.4.2.1}{ In\235tal\341cia}{section.4.2}% 19
\BOOKMARK [2][-]{subsection.4.2.2}{ Pou\236\355vanie}{section.4.2}% 20
\BOOKMARK [2][-]{subsection.4.2.3}{ Dokument\341cia}{section.4.2}% 21
\BOOKMARK [2][-]{subsection.4.2.4}{ Pou\236itelnost vo v\375vojovom prostred\355}{section.4.2}% 22
\BOOKMARK [2][-]{subsection.4.2.5}{ Generovanie reportov}{section.4.2}% 23
\BOOKMARK [1][-]{section.4.3}{ Faban}{chapter.4}% 24
\BOOKMARK [2][-]{subsection.4.3.1}{ In\235tal\341cia}{section.4.3}% 25
\BOOKMARK [2][-]{subsection.4.3.2}{ Pou\236\355vanie}{section.4.3}% 26
\BOOKMARK [2][-]{subsection.4.3.3}{ Dokument\341cia}{section.4.3}% 27
\BOOKMARK [2][-]{subsection.4.3.4}{ Pou\236itelnost vo v\375vojovom prostred\355}{section.4.3}% 28
\BOOKMARK [2][-]{subsection.4.3.5}{ Generovanie reportov}{section.4.3}% 29
\BOOKMARK [1][-]{section.4.4}{ Gatling}{chapter.4}% 30
\BOOKMARK [2][-]{subsection.4.4.1}{ In\235tal\341cia}{section.4.4}% 31
\BOOKMARK [2][-]{subsection.4.4.2}{ Pou\236\355vanie}{section.4.4}% 32
\BOOKMARK [2][-]{subsection.4.4.3}{ Dokument\341cia}{section.4.4}% 33
\BOOKMARK [2][-]{subsection.4.4.4}{ Pou\236itelnost vo v\375vojovom prostred\355}{section.4.4}% 34
\BOOKMARK [2][-]{subsection.4.4.5}{ Generovanie reportov}{section.4.4}% 35
\BOOKMARK [0][-]{chapter.5}{Testy}{}% 36
\BOOKMARK [1][-]{section.5.1}{ Testovan\341 aplik\341cia}{chapter.5}% 37
\BOOKMARK [1][-]{section.5.2}{ Testovacie prostredie}{chapter.5}% 38
\BOOKMARK [1][-]{section.5.3}{ Testy}{chapter.5}% 39
\BOOKMARK [1][-]{section.5.4}{ Automatiz\341cia testov}{chapter.5}% 40
\BOOKMARK [2][-]{subsection.5.4.1}{ Klient}{section.5.4}% 41
\BOOKMARK [2][-]{subsection.5.4.2}{ Server}{section.5.4}% 42
\BOOKMARK [0][-]{chapter.6}{Z\341ver}{}% 43
\BOOKMARK [1][-]{section.6.1}{ Zhrnutie}{chapter.6}% 44
\BOOKMARK [0][-]{appendix.A}{Obsah prilo\236en\351ho CD}{}% 45
