mktextfm pplr7t
mktextfm pplrc7t
mktextfm pplr7t
mktextfm pplb7t
mktextfm nullfont
mktextfm pplr7t
mktextfm pplb7t
mktextfm nullfont
mktextfm pplr7t
mktextfm pplb7t
mktextfm nullfont
mktextfm pplro7t
mktextfm pplb7t
mktextfm nullfont
mktextfm pcrr7t
mktextfm pplr7t
mktextfm pplr7t
mktextfm pplri7t
mktextfm pplr7t
mktextfm pplrc7t
mktextfm pplr7t
mktextfm pplb7t
mktextfm nullfont
mktextfm pplr7t
mktextfm pplb7t
mktextfm nullfont
mktextfm pplr7t
mktextfm pplb7t
mktextfm nullfont
mktextfm pplro7t
mktextfm pplb7t
mktextfm nullfont
mktextfm pcrr7t
mktextfm pplr7t
mktextfm pplr7t
mktextfm pplri7t
mktextfm pplr7t
mktextfm pplrc7t
mktextfm pplr7t
mktextfm pplb7t
mktextfm nullfont
mktextfm pplr7t
mktextfm pplb7t
mktextfm nullfont
mktextfm pplr7t
mktextfm pplb7t
mktextfm nullfont
mktextfm pplro7t
mktextfm pplb7t
mktextfm nullfont
mktextfm pcrr7t
mktextfm pplr7t
mktextfm pplr7t
mktextfm pplri7t
mktextfm pplr7t
mktextfm pplrc7t
mktextfm pplr7t
mktextfm pplb7t
mktextfm nullfont
mktextfm pplr7t
mktextfm pplb7t
mktextfm nullfont
mktextfm pplr7t
mktextfm pplb7t
mktextfm nullfont
mktextfm pplro7t
mktextfm pplb7t
mktextfm nullfont
mktextfm pcrr7t
mktextfm pplr7t
mktextfm pplr7t
mktextfm pplri7t
mktextfm pplr7t
mktextfm pplrc7t
mktextfm pplr7t
mktextfm pplb7t
mktextfm nullfont
mktextfm pplr7t
mktextfm pplb7t
mktextfm nullfont
mktextfm pplr7t
mktextfm pplb7t
mktextfm nullfont
mktextfm pplro7t
mktextfm pplb7t
mktextfm nullfont
mktextfm pcrr7t
mktextfm pplr7t
mktextfm pplr7t
mktextfm pplri7t
mktextfm pplr7t
mktextfm pplrc7t
mktextfm pplr7t
mktextfm pplb7t
mktextfm nullfont
mktextfm pplr7t
mktextfm pplb7t
mktextfm nullfont
mktextfm pplr7t
mktextfm pplb7t
mktextfm nullfont
mktextfm pplro7t
mktextfm pplb7t
mktextfm nullfont
mktextfm pcrr7t
mktextfm pplr7t
mktextfm pplr7t
mktextfm pplri7t
mktextfm pplr7t
mktextfm pplrc7t
mktextfm pplr7t
mktextfm pplb7t
mktextfm nullfont
mktextfm pplr7t
mktextfm pplb7t
mktextfm nullfont
mktextfm pplr7t
mktextfm pplb7t
mktextfm nullfont
mktextfm pplro7t
mktextfm pplb7t
mktextfm nullfont
mktextfm pcrr7t
mktextfm pplr7t
mktextfm pplr7t
mktextfm pplri7t
