XII 22, 2014 12:28:22 ODP. com.sun.faban.driver.util.Timer idleTimerCheck
INFO: TestAgent[0]: Performing idle timer check
XII 22, 2014 12:28:24 ODP. com.sun.faban.driver.util.Timer idleTimerCheck
INFO: TestAgent[0]: Idle timer characteristics:
Accuracy=3,
min. invocation cost=96,
med. invocation cost (math)=98.0,
med. invocation cost (phys)=98,
avg. invocation cost=98.0802,
max. invocation cost=209,
variance of invocation cost=12.291167959999932.
XII 22, 2014 12:28:34 ODP. com.sun.faban.driver.engine.AgentImpl run
INFO: TestAgent[0]: Successfully started 50 driver threads.
XII 22, 2014 12:28:34 ODP. com.sun.faban.driver.util.Timer calibrate
WARNING: TestAgent[0]: Rampup too short. Could not run calibration. Please increase rampup by at least 5 seconds
XII 22, 2014 12:28:34 ODP. com.sun.faban.driver.engine.MasterImpl executeRun
INFO: Started all threads; run commences in 2994 ms
XII 22, 2014 12:28:37 ODP. com.sun.faban.driver.util.Timer$BusyTimerMeter run
INFO: TestAgent[0]: Performing busy timer check
XII 22, 2014 12:28:37 ODP. com.sun.faban.driver.engine.MasterImpl executeRun
INFO: Ramp up completed
XII 22, 2014 12:28:38 ODP. com.sun.faban.driver.util.Timer$BusyTimerMeter run
INFO: TestAgent[0]: Busy timer characteristics:
Accuracy=3,
min. invocation cost=105,
med. invocation cost (math)=108.0,
med. invocation cost (phys)=108,
avg. invocation cost=108.102,
max. invocation cost=3233,
variance of invocation cost=984.9015960000005.
XII 22, 2014 12:28:38 ODP. com.sun.faban.driver.util.Timer$BusyTimerMeter run
WARNING: TestAgent[0]: Rampup too short. Could not run calibration. Please increase rampup by at least 3 seconds
XII 22, 2014 12:33:37 ODP. com.sun.faban.driver.engine.MasterImpl executeRun
INFO: Steady state completed
XII 22, 2014 12:33:37 ODP. com.sun.faban.driver.engine.MasterImpl executeRun
INFO: Ramp down completed
XII 22, 2014 12:33:37 ODP. com.sun.faban.driver.engine.MasterImpl getDriverMetrics
INFO: Gathering TestStats ...
XII 22, 2014 12:33:37 ODP. com.sun.faban.driver.engine.MasterImpl generateReports
INFO: Printing Summary report ...
XII 22, 2014 12:33:37 ODP. com.sun.faban.driver.engine.MasterImpl generateReports
INFO: Summary finished. Now printing detail ...
XII 22, 2014 12:33:37 ODP. com.sun.faban.driver.engine.MasterImpl generateReports
INFO: Detail finished. Results written to /opt/pmacik/bak/testy/Nastroje/faban/output/test.8M.
