XII 22, 2014 8:15:41 DOP. com.sun.faban.driver.util.Timer idleTimerCheck
INFO: TestAgent[0]: Performing idle timer check
XII 22, 2014 8:15:43 DOP. com.sun.faban.driver.util.Timer idleTimerCheck
INFO: TestAgent[0]: Idle timer characteristics:
Accuracy=3,
min. invocation cost=94,
med. invocation cost (math)=97.0,
med. invocation cost (phys)=97,
avg. invocation cost=96.7761,
max. invocation cost=582,
variance of invocation cost=32.549368790000315.
XII 22, 2014 8:15:45 DOP. com.sun.faban.driver.engine.AgentImpl run
INFO: TestAgent[0]: Successfully started 1 driver threads.
XII 22, 2014 8:15:45 DOP. com.sun.faban.driver.util.Timer calibrate
WARNING: TestAgent[0]: Rampup too short. Could not run calibration. Please increase rampup by at least 5 seconds
XII 22, 2014 8:15:45 DOP. com.sun.faban.driver.engine.MasterImpl executeRun
INFO: Started all threads; run commences in 2996 ms
XII 22, 2014 8:15:48 DOP. com.sun.faban.driver.util.Timer$BusyTimerMeter run
INFO: TestAgent[0]: Performing busy timer check
XII 22, 2014 8:15:48 DOP. com.sun.faban.driver.engine.MasterImpl executeRun
INFO: Ramp up completed
XII 22, 2014 8:15:50 DOP. com.sun.faban.driver.util.Timer$BusyTimerMeter run
INFO: TestAgent[0]: Busy timer characteristics:
Accuracy=3,
min. invocation cost=94,
med. invocation cost (math)=97.0,
med. invocation cost (phys)=97,
avg. invocation cost=97.9287,
max. invocation cost=3372,
variance of invocation cost=2064.8106163100006.
XII 22, 2014 8:15:50 DOP. com.sun.faban.driver.util.Timer$BusyTimerMeter run
WARNING: TestAgent[0]: Rampup too short. Could not run calibration. Please increase rampup by at least 3 seconds
XII 22, 2014 8:20:48 DOP. com.sun.faban.driver.engine.MasterImpl executeRun
INFO: Steady state completed
XII 22, 2014 8:20:48 DOP. com.sun.faban.driver.engine.MasterImpl executeRun
INFO: Ramp down completed
XII 22, 2014 8:20:48 DOP. com.sun.faban.driver.engine.MasterImpl getDriverMetrics
INFO: Gathering TestStats ...
XII 22, 2014 8:20:48 DOP. com.sun.faban.driver.engine.MasterImpl generateReports
INFO: Printing Summary report ...
XII 22, 2014 8:20:48 DOP. com.sun.faban.driver.engine.MasterImpl generateReports
INFO: Summary finished. Now printing detail ...
XII 22, 2014 8:20:49 DOP. com.sun.faban.driver.engine.MasterImpl generateReports
INFO: Detail finished. Results written to /opt/pmacik/bak/testy/Nastroje/faban/output/test.7D.
