XII 22, 2014 1:47:48 ODP. com.sun.faban.driver.util.Timer idleTimerCheck
INFO: TestAgent[0]: Performing idle timer check
XII 22, 2014 1:47:49 ODP. com.sun.faban.driver.util.Timer idleTimerCheck
INFO: TestAgent[0]: Idle timer characteristics:
Accuracy=3,
min. invocation cost=106,
med. invocation cost (math)=114.0,
med. invocation cost (phys)=114,
avg. invocation cost=112.5039,
max. invocation cost=229,
variance of invocation cost=13.564984789997133.
XII 22, 2014 1:47:52 ODP. com.sun.faban.driver.engine.TimeThread doRun
SEVERE: TestAgent[0].5: Error initializing driver object.
com.sun.faban.driver.ConfigurationException: Only single host:port currently supported.
	at com.testnscale.test.Test.<init>(Test.java:88)
	at sun.reflect.NativeConstructorAccessorImpl.newInstance0(Native Method)
	at sun.reflect.NativeConstructorAccessorImpl.newInstance(NativeConstructorAccessorImpl.java:57)
	at sun.reflect.DelegatingConstructorAccessorImpl.newInstance(DelegatingConstructorAccessorImpl.java:45)
	at java.lang.reflect.Constructor.newInstance(Constructor.java:526)
	at java.lang.Class.newInstance(Class.java:379)
	at com.sun.faban.driver.engine.TimeThread.doRun(TimeThread.java:73)
	at com.sun.faban.driver.engine.AgentThread.run(AgentThread.java:202)

XII 22, 2014 1:47:52 ODP. com.sun.faban.driver.engine.AgentImpl run
WARNING: TestAgent[0]: Run aborted before starting 50 driver threads.
7 threads were started.
XII 22, 2014 1:47:53 ODP. com.sun.faban.driver.engine.AgentImpl kill
WARNING: TestAgent[0]: Killing benchmark run
XII 22, 2014 1:47:53 ODP. com.sun.faban.driver.engine.MasterImpl$2 run
SEVERE: Run aborted. Master terminating!
