XII 22, 2014 10:11:12 DOP. com.sun.faban.driver.util.Timer idleTimerCheck
INFO: TestAgent[0]: Performing idle timer check
XII 22, 2014 10:11:14 DOP. com.sun.faban.driver.util.Timer idleTimerCheck
INFO: TestAgent[0]: Idle timer characteristics:
Accuracy=3,
min. invocation cost=104,
med. invocation cost (math)=108.0,
med. invocation cost (phys)=108,
avg. invocation cost=108.7844,
max. invocation cost=6344,
variance of invocation cost=6098.129916639999.
XII 22, 2014 10:11:34 DOP. com.sun.faban.driver.engine.AgentImpl run
INFO: TestAgent[0]: Successfully started 100 driver threads.
XII 22, 2014 10:11:34 DOP. com.sun.faban.driver.util.Timer calibrate
WARNING: TestAgent[0]: Rampup too short. Could not run calibration. Please increase rampup by at least 5 seconds
XII 22, 2014 10:11:34 DOP. com.sun.faban.driver.engine.MasterImpl executeRun
INFO: Started all threads; run commences in 2994 ms
XII 22, 2014 10:11:37 DOP. com.sun.faban.driver.util.Timer$BusyTimerMeter run
INFO: TestAgent[0]: Performing busy timer check
XII 22, 2014 10:11:37 DOP. com.sun.faban.driver.engine.MasterImpl executeRun
INFO: Ramp up completed
XII 22, 2014 10:11:38 DOP. com.sun.faban.driver.util.Timer$BusyTimerMeter run
INFO: TestAgent[0]: Busy timer characteristics:
Accuracy=3,
min. invocation cost=96,
med. invocation cost (math)=107.0,
med. invocation cost (phys)=107,
avg. invocation cost=108.3075,
max. invocation cost=4125,
variance of invocation cost=1741.1569437499986.
XII 22, 2014 10:11:38 DOP. com.sun.faban.driver.util.Timer$BusyTimerMeter run
WARNING: TestAgent[0]: Rampup too short. Could not run calibration. Please increase rampup by at least 3 seconds
XII 22, 2014 10:16:37 DOP. com.sun.faban.driver.engine.MasterImpl executeRun
INFO: Steady state completed
XII 22, 2014 10:16:37 DOP. com.sun.faban.driver.engine.MasterImpl executeRun
INFO: Ramp down completed
XII 22, 2014 10:16:37 DOP. com.sun.faban.driver.engine.MasterImpl getDriverMetrics
INFO: Gathering TestStats ...
XII 22, 2014 10:16:37 DOP. com.sun.faban.driver.engine.MasterImpl generateReports
INFO: Printing Summary report ...
XII 22, 2014 10:16:37 DOP. com.sun.faban.driver.engine.MasterImpl generateReports
INFO: Summary finished. Now printing detail ...
XII 22, 2014 10:16:37 DOP. com.sun.faban.driver.engine.MasterImpl generateReports
INFO: Detail finished. Results written to /opt/pmacik/bak/testy/Nastroje/faban/output/test.7T.
